This is pdfTeX, Version 3.14159265-2.6-1.40.16 (MiKTeX 2.9) (preloaded format=pdflatex 2015.12.22)  11 DEC 2016 22:41
entering extended mode
**C:/Users/charl/Dropbox/MyFiles/2016_Fall/CS294-127/Final_Report/paper/acmsigg
raph/acmsiggraph/final_paper.tex

(C:/Users/charl/Dropbox/MyFiles/2016_Fall/CS294-127/Final_Report/paper/acmsiggr
aph/acmsiggraph/final_paper.tex
LaTeX2e <2015/10/01> patch level 2
Babel <3.9m> and hyphenation patterns for 69 languages loaded.
(acmsiggraph.cls
Document Class: acmsiggraph 2016/11/09 v0.93 ACM SIGGRAPH class
\ACMpointsize=\skip41
("C:\Users\charl\AppData\Local\Programs\MiKTeX 2.9\tex\latex\base\article.cls"
Document Class: article 2014/09/29 v1.4h Standard LaTeX document class
("C:\Users\charl\AppData\Local\Programs\MiKTeX 2.9\tex\latex\base\size10.clo"
File: size10.clo 2014/09/29 v1.4h Standard LaTeX file (size option)
)
\c@part=\count79
\c@section=\count80
\c@subsection=\count81
\c@subsubsection=\count82
\c@paragraph=\count83
\c@subparagraph=\count84
\c@figure=\count85
\c@table=\count86
\abovecaptionskip=\skip42
\belowcaptionskip=\skip43
\bibindent=\dimen102
)
("C:\Users\charl\AppData\Local\Programs\MiKTeX 2.9\tex\latex\amsmath\amsmath.st
y"
Package: amsmath 2013/01/14 v2.14 AMS math features
\@mathmargin=\skip44

For additional information on amsmath, use the `?' option.

("C:\Users\charl\AppData\Local\Programs\MiKTeX 2.9\tex\latex\amsmath\amstext.st
y"
Package: amstext 2000/06/29 v2.01

("C:\Users\charl\AppData\Local\Programs\MiKTeX 2.9\tex\latex\amsmath\amsgen.sty
"
File: amsgen.sty 1999/11/30 v2.0
\@emptytoks=\toks14
\ex@=\dimen103
))
("C:\Users\charl\AppData\Local\Programs\MiKTeX 2.9\tex\latex\amsmath\amsbsy.sty
"
Package: amsbsy 1999/11/29 v1.2d
\pmbraise@=\dimen104
)
("C:\Users\charl\AppData\Local\Programs\MiKTeX 2.9\tex\latex\amsmath\amsopn.sty
"
Package: amsopn 1999/12/14 v2.01 operator names
)
\inf@bad=\count87
LaTeX Info: Redefining \frac on input line 210.
\uproot@=\count88
\leftroot@=\count89
LaTeX Info: Redefining \overline on input line 306.
\classnum@=\count90
\DOTSCASE@=\count91
LaTeX Info: Redefining \ldots on input line 378.
LaTeX Info: Redefining \dots on input line 381.
LaTeX Info: Redefining \cdots on input line 466.
\Mathstrutbox@=\box26
\strutbox@=\box27
\big@size=\dimen105
LaTeX Font Info:    Redeclaring font encoding OML on input line 566.
LaTeX Font Info:    Redeclaring font encoding OMS on input line 567.
\macc@depth=\count92
\c@MaxMatrixCols=\count93
\dotsspace@=\muskip10
\c@parentequation=\count94
\dspbrk@lvl=\count95
\tag@help=\toks15
\row@=\count96
\column@=\count97
\maxfields@=\count98
\andhelp@=\toks16
\eqnshift@=\dimen106
\alignsep@=\dimen107
\tagshift@=\dimen108
\tagwidth@=\dimen109
\totwidth@=\dimen110
\lineht@=\dimen111
\@envbody=\toks17
\multlinegap=\skip45
\multlinetaggap=\skip46
\mathdisplay@stack=\toks18
LaTeX Info: Redefining \[ on input line 2665.
LaTeX Info: Redefining \] on input line 2666.
)
("C:\Users\charl\AppData\Local\Programs\MiKTeX 2.9\tex\latex\lineno\lineno.sty"
Package: lineno 2005/11/02 line numbers on paragraphs v4.41
\linenopenalty=\count99
\output=\toks19
\linenoprevgraf=\count100
\linenumbersep=\dimen112
\linenumberwidth=\dimen113
\c@linenumber=\count101
\c@pagewiselinenumber=\count102
\c@LN@truepage=\count103
\c@internallinenumber=\count104
\c@internallinenumbers=\count105
\quotelinenumbersep=\dimen114
\bframerule=\dimen115
\bframesep=\dimen116
\bframebox=\box28
LaTeX Info: Redefining \\ on input line 3056.
) ("C:\Users\charl\AppData\Local\Programs\MiKTeX 2.9\tex\latex\psnfss\helvet.st
y"
Package: helvet 2005/04/12 PSNFSS-v9.2a (WaS) 

("C:\Users\charl\AppData\Local\Programs\MiKTeX 2.9\tex\latex\graphics\keyval.st
y"
Package: keyval 2014/10/28 v1.15 key=value parser (DPC)
\KV@toks@=\toks20
))
("C:\Users\charl\AppData\Local\Programs\MiKTeX 2.9\tex\latex\psnfss\times.sty"
Package: times 2005/04/12 PSNFSS-v9.2a (SPQR) 
)
("C:\Users\charl\AppData\Local\Programs\MiKTeX 2.9\tex\latex\graphics\graphicx.
sty"
Package: graphicx 2014/10/28 v1.0g Enhanced LaTeX Graphics (DPC,SPQR)

("C:\Users\charl\AppData\Local\Programs\MiKTeX 2.9\tex\latex\graphics\graphics.
sty"
Package: graphics 2014/10/28 v1.0p Standard LaTeX Graphics (DPC,SPQR)

("C:\Users\charl\AppData\Local\Programs\MiKTeX 2.9\tex\latex\graphics\trig.sty"
Package: trig 1999/03/16 v1.09 sin cos tan (DPC)
)
("C:\Users\charl\AppData\Local\Programs\MiKTeX 2.9\tex\latex\00miktex\graphics.
cfg"
File: graphics.cfg 2007/01/18 v1.5 graphics configuration of teTeX/TeXLive
)
Package graphics Info: Driver file: pdftex.def on input line 94.

("C:\Users\charl\AppData\Local\Programs\MiKTeX 2.9\tex\latex\pdftex-def\pdftex.
def"
File: pdftex.def 2011/05/27 v0.06d Graphics/color for pdfTeX

("C:\Users\charl\AppData\Local\Programs\MiKTeX 2.9\tex\generic\oberdiek\infware
rr.sty"
Package: infwarerr 2010/04/08 v1.3 Providing info/warning/error messages (HO)
)
("C:\Users\charl\AppData\Local\Programs\MiKTeX 2.9\tex\generic\oberdiek\ltxcmds
.sty"
Package: ltxcmds 2011/11/09 v1.22 LaTeX kernel commands for general use (HO)
)
\Gread@gobject=\count106
))
\Gin@req@height=\dimen117
\Gin@req@width=\dimen118
)
("C:\Users\charl\AppData\Local\Programs\MiKTeX 2.9\tex\latex\caption\caption.st
y"
Package: caption 2016/02/21 v3.3-144 Customizing captions (AR)

("C:\Users\charl\AppData\Local\Programs\MiKTeX 2.9\tex\latex\caption\caption3.s
ty"
Package: caption3 2016/05/22 v1.7-166 caption3 kernel (AR)
Package caption3 Info: TeX engine: e-TeX on input line 67.
\captionmargin=\dimen119
\captionmargin@=\dimen120
\captionwidth=\dimen121
\caption@tempdima=\dimen122
\caption@indent=\dimen123
\caption@parindent=\dimen124
\caption@hangindent=\dimen125
)
\c@ContinuedFloat=\count107
)
("C:\Users\charl\AppData\Local\Programs\MiKTeX 2.9\tex\latex\ltxmisc\parskip.st
y"
Package: parskip 2001/04/09 non-zero parskip adjustments
)
\bibhang=\skip47
\titlespace=\skip48
\teaserspace=\skip49
\@ACMabs=\toks21

("C:\Users\charl\AppData\Local\Programs\MiKTeX 2.9\tex\latex\comment\comment.st
y"
\CommentStream=\write3
 Excluding comment 'comment') Excluding comment 'CCSXML'
("C:\Users\charl\AppData\Local\Programs\MiKTeX 2.9\tex\latex\url\url.sty"
\Urlmuskip=\muskip11
Package: url 2013/09/16  ver 3.4  Verb mode for urls, etc.
)
(acmcopyright.sty
Package: acmcopyright 2014/06/29 v1.2 Copyright statements for ACM classes

("C:\Users\charl\AppData\Local\Programs\MiKTeX 2.9\tex\latex\xkeyval\xkeyval.st
y"
Package: xkeyval 2014/12/03 v2.7a package option processing (HA)

("C:\Users\charl\AppData\Local\Programs\MiKTeX 2.9\tex\generic\xkeyval\xkeyval.
tex"
("C:\Users\charl\AppData\Local\Programs\MiKTeX 2.9\tex\generic\xkeyval\xkvutils
.tex"
\XKV@toks=\toks22
\XKV@tempa@toks=\toks23
)
\XKV@depth=\count108
File: xkeyval.tex 2014/12/03 v2.7a key=value parser (HA)
)))
("C:\Users\charl\AppData\Local\Programs\MiKTeX 2.9\tex\generic\oberdiek\ifpdf.s
ty"
Package: ifpdf 2011/01/30 v2.3 Provides the ifpdf switch (HO)
Package ifpdf Info: pdfTeX in PDF mode is detected.
)
("C:\Users\charl\AppData\Local\Programs\MiKTeX 2.9\tex\latex\hyperref\hyperref.
sty"
Package: hyperref 2012/11/06 v6.83m Hypertext links for LaTeX

("C:\Users\charl\AppData\Local\Programs\MiKTeX 2.9\tex\generic\oberdiek\hobsub-
hyperref.sty"
Package: hobsub-hyperref 2012/04/25 v1.12 Bundle oberdiek, subset hyperref (HO)


("C:\Users\charl\AppData\Local\Programs\MiKTeX 2.9\tex\generic\oberdiek\hobsub-
generic.sty"
Package: hobsub-generic 2012/04/25 v1.12 Bundle oberdiek, subset generic (HO)
Package: hobsub 2012/04/25 v1.12 Construct package bundles (HO)
Package hobsub Info: Skipping package `infwarerr' (already loaded).
Package hobsub Info: Skipping package `ltxcmds' (already loaded).
Package: ifluatex 2010/03/01 v1.3 Provides the ifluatex switch (HO)
Package ifluatex Info: LuaTeX not detected.
Package: ifvtex 2010/03/01 v1.5 Detect VTeX and its facilities (HO)
Package ifvtex Info: VTeX not detected.
Package: intcalc 2007/09/27 v1.1 Expandable calculations with integers (HO)
Package hobsub Info: Skipping package `ifpdf' (already loaded).
Package: etexcmds 2011/02/16 v1.5 Avoid name clashes with e-TeX commands (HO)
Package etexcmds Info: Could not find \expanded.
(etexcmds)             That can mean that you are not using pdfTeX 1.50 or
(etexcmds)             that some package has redefined \expanded.
(etexcmds)             In the latter case, load this package earlier.
Package: kvsetkeys 2012/04/25 v1.16 Key value parser (HO)
Package: kvdefinekeys 2011/04/07 v1.3 Define keys (HO)
Package: pdftexcmds 2011/11/29 v0.20 Utility functions of pdfTeX for LuaTeX (HO
)
Package pdftexcmds Info: LuaTeX not detected.
Package pdftexcmds Info: \pdf@primitive is available.
Package pdftexcmds Info: \pdf@ifprimitive is available.
Package pdftexcmds Info: \pdfdraftmode found.
Package: pdfescape 2011/11/25 v1.13 Implements pdfTeX's escape features (HO)
Package: bigintcalc 2012/04/08 v1.3 Expandable calculations on big integers (HO
)
Package: bitset 2011/01/30 v1.1 Handle bit-vector datatype (HO)
Package: uniquecounter 2011/01/30 v1.2 Provide unlimited unique counter (HO)
)
Package hobsub Info: Skipping package `hobsub' (already loaded).
Package: letltxmacro 2010/09/02 v1.4 Let assignment for LaTeX macros (HO)
Package: hopatch 2011/06/24 v1.1 Wrapper for package hooks (HO)
Package: xcolor-patch 2011/01/30 xcolor patch
Package: atveryend 2011/06/30 v1.8 Hooks at the very end of document (HO)
Package atveryend Info: \enddocument detected (standard20110627).
Package: atbegshi 2011/10/05 v1.16 At begin shipout hook (HO)
Package: refcount 2011/10/16 v3.4 Data extraction from label references (HO)
Package: hycolor 2011/01/30 v1.7 Color options for hyperref/bookmark (HO)
)
("C:\Users\charl\AppData\Local\Programs\MiKTeX 2.9\tex\generic\ifxetex\ifxetex.
sty"
Package: ifxetex 2010/09/12 v0.6 Provides ifxetex conditional
)
("C:\Users\charl\AppData\Local\Programs\MiKTeX 2.9\tex\latex\oberdiek\auxhook.s
ty"
Package: auxhook 2011/03/04 v1.3 Hooks for auxiliary files (HO)
)
("C:\Users\charl\AppData\Local\Programs\MiKTeX 2.9\tex\latex\oberdiek\kvoptions
.sty"
Package: kvoptions 2011/06/30 v3.11 Key value format for package options (HO)
)
\@linkdim=\dimen126
\Hy@linkcounter=\count109
\Hy@pagecounter=\count110

("C:\Users\charl\AppData\Local\Programs\MiKTeX 2.9\tex\latex\hyperref\pd1enc.de
f"
File: pd1enc.def 2012/11/06 v6.83m Hyperref: PDFDocEncoding definition (HO)
)
\Hy@SavedSpaceFactor=\count111

("C:\Users\charl\AppData\Local\Programs\MiKTeX 2.9\tex\latex\00miktex\hyperref.
cfg"
File: hyperref.cfg 2002/06/06 v1.2 hyperref configuration of TeXLive
)
Package hyperref Info: Option `breaklinks' set `true' on input line 4319.
Package hyperref Info: Option `hyperfootnotes' set `false' on input line 4319.
Package hyperref Info: Option `bookmarks' set `false' on input line 4319.
Package hyperref Info: Hyper figures OFF on input line 4443.
Package hyperref Info: Link nesting OFF on input line 4448.
Package hyperref Info: Hyper index ON on input line 4451.
Package hyperref Info: Plain pages OFF on input line 4458.
Package hyperref Info: Backreferencing OFF on input line 4463.
Package hyperref Info: Implicit mode ON; LaTeX internals redefined.
Package hyperref Info: Bookmarks OFF on input line 4694.
\c@Hy@tempcnt=\count112
LaTeX Info: Redefining \url on input line 5041.
\XeTeXLinkMargin=\dimen127
\Fld@menulength=\count113
\Field@Width=\dimen128
\Fld@charsize=\dimen129
Package hyperref Info: Hyper figures OFF on input line 6295.
Package hyperref Info: Link nesting OFF on input line 6300.
Package hyperref Info: Hyper index ON on input line 6303.
Package hyperref Info: backreferencing OFF on input line 6310.
Package hyperref Info: Link coloring OFF on input line 6315.
Package hyperref Info: Link coloring with OCG OFF on input line 6320.
Package hyperref Info: PDF/A mode OFF on input line 6325.
LaTeX Info: Redefining \ref on input line 6365.
LaTeX Info: Redefining \pageref on input line 6369.
\Hy@abspage=\count114
\c@Item=\count115
)

Package hyperref Message: Driver: hpdftex.


("C:\Users\charl\AppData\Local\Programs\MiKTeX 2.9\tex\latex\hyperref\hpdftex.d
ef"
File: hpdftex.def 2012/11/06 v6.83m Hyperref driver for pdfTeX
\Fld@listcount=\count116
\c@bookmark@seq@number=\count117

("C:\Users\charl\AppData\Local\Programs\MiKTeX 2.9\tex\latex\oberdiek\rerunfile
check.sty"
Package: rerunfilecheck 2011/04/15 v1.7 Rerun checks for auxiliary files (HO)
Package uniquecounter Info: New unique counter `rerunfilecheck' on input line 2
82.
)
\Hy@SectionHShift=\skip50
)
Package hyperref Info: Option `colorlinks' set `true' on input line 553.
Package hyperref Info: Option `breaklinks' set `true' on input line 553.
)
("C:\Users\charl\AppData\Local\Programs\MiKTeX 2.9\tex\latex\listings\listings.
sty"
\lst@mode=\count118
\lst@gtempboxa=\box29
\lst@token=\toks24
\lst@length=\count119
\lst@currlwidth=\dimen130
\lst@column=\count120
\lst@pos=\count121
\lst@lostspace=\dimen131
\lst@width=\dimen132
\lst@newlines=\count122
\lst@lineno=\count123
\lst@maxwidth=\dimen133

("C:\Users\charl\AppData\Local\Programs\MiKTeX 2.9\tex\latex\listings\lstmisc.s
ty"
File: lstmisc.sty 2015/06/04 1.6 (Carsten Heinz)
\c@lstnumber=\count124
\lst@skipnumbers=\count125
\lst@framebox=\box30
)
("C:\Users\charl\AppData\Local\Programs\MiKTeX 2.9\tex\latex\listings\listings.
cfg"
File: listings.cfg 2015/06/04 1.6 listings configuration
))
Package: listings 2015/06/04 1.6 (Carsten Heinz)

("C:\Users\charl\AppData\Local\Programs\MiKTeX 2.9\tex\latex\tools\verbatim.sty
"
Package: verbatim 2014/10/28 v1.5q LaTeX2e package for verbatim enhancements
\every@verbatim=\toks25
\verbatim@line=\toks26
\verbatim@in@stream=\read1
)
("C:\Users\charl\AppData\Local\Programs\MiKTeX 2.9\tex\latex\csquotes\csquotes.
sty"
Package: csquotes 2016/07/14 v5.1h context-sensitive quotations (JAW)

("C:\Users\charl\AppData\Local\Programs\MiKTeX 2.9\tex\latex\etoolbox\etoolbox.
sty"
Package: etoolbox 2016/12/01 v2.2b e-TeX tools for LaTeX (JAW)
\etb@tempcnta=\count126
)
\csq@reset=\count127
\csq@gtype=\count128
\csq@glevel=\count129
\csq@qlevel=\count130
\csq@maxlvl=\count131
\csq@tshold=\count132
\csq@ltx@everypar=\toks27

("C:\Users\charl\AppData\Local\Programs\MiKTeX 2.9\tex\latex\csquotes\csquotes.
def"
File: csquotes.def 2016/07/14 v5.1h csquotes generic definitions (JAW)
)
Package csquotes Info: Trying to load configuration file 'csquotes.cfg'...
Package csquotes Info: ... configuration file loaded successfully.

("C:\Users\charl\AppData\Local\Programs\MiKTeX 2.9\tex\latex\csquotes\csquotes.
cfg"
File: csquotes.cfg 
))
Package csquotes Info: Checking for multilingual support...
Package csquotes Info: ... none found.
 (final_paper.aux

LaTeX Warning: Label `fig:ferrari' multiply defined.


LaTeX Warning: Label `fig:fr' multiply defined.


LaTeX Warning: Label `fig:ferrari' multiply defined.


LaTeX Warning: Label `fig:ferrari' multiply defined.


LaTeX Warning: Label `fig:ferrari' multiply defined.


LaTeX Warning: Label `fig:ferrari' multiply defined.


LaTeX Warning: Label `fig:ferrari' multiply defined.


LaTeX Warning: Label `fig:ferrari' multiply defined.


LaTeX Warning: Label `fig:ferrari' multiply defined.


LaTeX Warning: Label `fig:ferrari' multiply defined.


LaTeX Warning: Label `fig:ferrari' multiply defined.


LaTeX Warning: Label `fig:ferrari' multiply defined.

)
\openout1 = `final_paper.aux'.

LaTeX Font Info:    Checking defaults for OML/cmm/m/it on input line 49.
LaTeX Font Info:    ... okay on input line 49.
LaTeX Font Info:    Checking defaults for T1/cmr/m/n on input line 49.
LaTeX Font Info:    ... okay on input line 49.
LaTeX Font Info:    Checking defaults for OT1/cmr/m/n on input line 49.
LaTeX Font Info:    ... okay on input line 49.
LaTeX Font Info:    Checking defaults for OMS/cmsy/m/n on input line 49.
LaTeX Font Info:    ... okay on input line 49.
LaTeX Font Info:    Checking defaults for OMX/cmex/m/n on input line 49.
LaTeX Font Info:    ... okay on input line 49.
LaTeX Font Info:    Checking defaults for U/cmr/m/n on input line 49.
LaTeX Font Info:    ... okay on input line 49.
LaTeX Font Info:    Checking defaults for PD1/pdf/m/n on input line 49.
LaTeX Font Info:    ... okay on input line 49.
LaTeX Font Info:    Try loading font information for OT1+ptm on input line 49.
 ("C:\Users\charl\AppData\Local\Programs\MiKTeX 2.9\tex\latex\psnfss\ot1ptm.fd"
File: ot1ptm.fd 2001/06/04 font definitions for OT1/ptm.
)
("C:\Users\charl\AppData\Local\Programs\MiKTeX 2.9\tex\context\base\supp-pdf.mk
ii"
[Loading MPS to PDF converter (version 2006.09.02).]
\scratchcounter=\count133
\scratchdimen=\dimen134
\scratchbox=\box31
\nofMPsegments=\count134
\nofMParguments=\count135
\everyMPshowfont=\toks28
\MPscratchCnt=\count136
\MPscratchDim=\dimen135
\MPnumerator=\count137
\makeMPintoPDFobject=\count138
\everyMPtoPDFconversion=\toks29
)
Package caption Info: Begin \AtBeginDocument code.
Package caption Info: hyperref package is loaded.
Package caption Info: listings package is loaded.
Package caption Info: End \AtBeginDocument code.
\AtBeginShipoutBox=\box32

("C:\Users\charl\AppData\Local\Programs\MiKTeX 2.9\tex\latex\graphics\color.sty
"
Package: color 2014/10/28 v1.1a Standard LaTeX Color (DPC)

("C:\Users\charl\AppData\Local\Programs\MiKTeX 2.9\tex\latex\00miktex\color.cfg
"
File: color.cfg 2007/01/18 v1.5 color configuration of teTeX/TeXLive
)
Package color Info: Driver file: pdftex.def on input line 142.
)
Package hyperref Info: Link coloring ON on input line 49.

("C:\Users\charl\AppData\Local\Programs\MiKTeX 2.9\tex\latex\hyperref\nameref.s
ty"
Package: nameref 2012/10/27 v2.43 Cross-referencing by name of section

("C:\Users\charl\AppData\Local\Programs\MiKTeX 2.9\tex\generic\oberdiek\gettitl
estring.sty"
Package: gettitlestring 2010/12/03 v1.4 Cleanup title references (HO)
)
\c@section@level=\count139
)
LaTeX Info: Redefining \ref on input line 49.
LaTeX Info: Redefining \pageref on input line 49.
LaTeX Info: Redefining \nameref on input line 49.
\c@lstlisting=\count140

("C:\Users\charl\AppData\Local\Programs\MiKTeX 2.9\tex\latex\listings\lstlang1.
sty"
File: lstlang1.sty 2015/06/04 1.6 listings language file
)
("C:\Users\charl\AppData\Local\Programs\MiKTeX 2.9\tex\latex\listings\lstlang1.
sty"
File: lstlang1.sty 2015/06/04 1.6 listings language file
)
("C:\Users\charl\AppData\Local\Programs\MiKTeX 2.9\tex\latex\listings\lstmisc.s
ty"
File: lstmisc.sty 2015/06/04 1.6 (Carsten Heinz)
)
LaTeX Font Info:    Try loading font information for OT1+phv on input line 60.

("C:\Users\charl\AppData\Local\Programs\MiKTeX 2.9\tex\latex\psnfss\ot1phv.fd"
File: ot1phv.fd 2001/06/04 scalable font definitions for OT1/phv.
)
LaTeX Font Info:    Font shape `OT1/phv/m/n' will be
(Font)              scaled to size 13.24796pt on input line 60.
LaTeX Font Info:    Font shape `OT1/phv/bx/n' in size <14.4> not available
(Font)              Font shape `OT1/phv/b/n' tried instead on input line 60.
LaTeX Font Info:    Font shape `OT1/phv/b/n' will be
(Font)              scaled to size 13.24796pt on input line 60.
<phone.jpg, id=3, 1138.0116pt x 825.0825pt>
File: phone.jpg Graphic file (type jpg)
 <use phone.jpg>
Package pdftex.def Info: phone.jpg used on input line 60.
(pdftex.def)             Requested size: 149.50952pt x 108.405pt.


Package caption Warning: The option `hypcap=true' will be ignored for this
(caption)                particular \caption on input line 60.
See the caption package documentation for explanation.

LaTeX Font Info:    Font shape `OT1/ptm/bx/n' in size <9> not available
(Font)              Font shape `OT1/ptm/b/n' tried instead on input line 60.
LaTeX Font Info:    Font shape `OT1/phv/m/n' will be
(Font)              scaled to size 11.03998pt on input line 62.
LaTeX Font Info:    Font shape `OT1/phv/bx/n' in size <12> not available
(Font)              Font shape `OT1/phv/b/n' tried instead on input line 62.
LaTeX Font Info:    Font shape `OT1/phv/b/n' will be
(Font)              scaled to size 11.03998pt on input line 62.

Underfull \hbox (badness 4518) in paragraph at lines 64--65
\OT1/ptm/m/n/9 Human vi-sion prob-lems such as near-sightedness and far-
 []

Excluding 'CCSXML' comment.
LaTeX Font Info:    Try loading font information for OMS+ptm on input line 101.


("C:\Users\charl\AppData\Local\Programs\MiKTeX 2.9\tex\latex\psnfss\omsptm.fd"
File: omsptm.fd 
)
LaTeX Font Info:    Font shape `OMS/ptm/m/n' in size <9> not available
(Font)              Font shape `OMS/cmsy/m/n' tried instead on input line 101.
LaTeX Font Info:    Font shape `OMS/ptm/m/n' in size <8> not available
(Font)              Font shape `OMS/cmsy/m/n' tried instead on input line 103.
LaTeX Font Info:    Font shape `OT1/phv/m/n' will be
(Font)              scaled to size 9.19998pt on input line 118.
LaTeX Font Info:    Font shape `OT1/phv/bx/n' in size <10> not available
(Font)              Font shape `OT1/phv/b/n' tried instead on input line 118.
LaTeX Font Info:    Font shape `OT1/phv/b/n' will be
(Font)              scaled to size 9.19998pt on input line 118.
<Pinhole_Mask2.png, id=5, 236.68425pt x 246.32025pt>
File: Pinhole_Mask2.png Graphic file (type png)
 <use Pinhole_Mask2.png>
Package pdftex.def Info: Pinhole_Mask2.png used on input line 124.
(pdftex.def)             Requested size: 108.405pt x 112.82007pt.

[1{C:/Users/charl/AppData/Local/MiKTeX/2.9/pdftex/config/pdftex.map}


 <./phone.jpg> <./Pinhole_Mask2.png>]
<Pinhole_Mask.png, id=25, 607.67026pt x 324.61275pt>
File: Pinhole_Mask.png Graphic file (type png)
 <use Pinhole_Mask.png>
Package pdftex.def Info: Pinhole_Mask.png used on input line 133.
(pdftex.def)             Requested size: 216.81pt x 115.82031pt.

<Prefilter.png, id=26, 900.966pt x 239.09325pt>
File: Prefilter.png Graphic file (type png)
 <use Prefilter.png>
Package pdftex.def Info: Prefilter.png used on input line 144.
(pdftex.def)             Requested size: 216.81pt x 57.53313pt.
Package hyperref Info: bookmark level for unknown lstlisting defaults to 0 on i
nput line 151.
LaTeX Font Info:    Try loading font information for OT1+pcr on input line 151.


("C:\Users\charl\AppData\Local\Programs\MiKTeX 2.9\tex\latex\psnfss\ot1pcr.fd"
File: ot1pcr.fd 2001/06/04 font definitions for OT1/pcr.
)
LaTeX Font Info:    Font shape `OT1/pcr/bx/n' in size <7> not available
(Font)              Font shape `OT1/pcr/b/n' tried instead on input line 152.
LaTeX Font Info:    Font shape `OT1/pcr/m/it' in size <7> not available
(Font)              Font shape `OT1/pcr/m/sl' tried instead on input line 155.
<Original_Prefiltered.png, id=27, 752.8125pt x 362.5545pt>
File: Original_Prefiltered.png Graphic file (type png)

<use Original_Prefiltered.png>
Package pdftex.def Info: Original_Prefiltered.png used on input line 170.
(pdftex.def)             Requested size: 252.94499pt x 121.81747pt.

Overfull \hbox (12.0pt too wide) in paragraph at lines 170--171
 [][] 
 []

<Setup.png, id=28, 608.87476pt x 448.67625pt>
File: Setup.png Graphic file (type png)
 <use Setup.png>
Package pdftex.def Info: Setup.png used on input line 179.
(pdftex.def)             Requested size: 252.94499pt x 186.3957pt.

Overfull \hbox (12.0pt too wide) in paragraph at lines 179--180
 [][] 
 []

[2 <./Pinhole_Mask.png> <./Prefilter.png> <./Original_Prefiltered.png> <./Setup
.png>] <Defocused_Corrected_Image.png, id=60, 906.38625pt x 433.01775pt>
File: Defocused_Corrected_Image.png Graphic file (type png)

<use Defocused_Corrected_Image.png>
Package pdftex.def Info: Defocused_Corrected_Image.png used on input line 188.
(pdftex.def)             Requested size: 252.94499pt x 120.8411pt.

Overfull \hbox (12.0pt too wide) in paragraph at lines 188--189
 [][] 
 []

<Ray_Simulation.png, id=61, 507.0945pt x 239.6955pt>
File: Ray_Simulation.png Graphic file (type png)
 <use Ray_Simulation.png>
Package pdftex.def Info: Ray_Simulation.png used on input line 201.
(pdftex.def)             Requested size: 238.49121pt x 112.73369pt.

Underfull \hbox (badness 10000) in paragraph at lines 232--235

 []

[3 <./Defocused_Corrected_Image.png> <./Ray_Simulation.png>]
<Rectangular_Aperture.png, id=91, 781.7205pt x 418.56375pt>
File: Rectangular_Aperture.png Graphic file (type png)

<use Rectangular_Aperture.png>
Package pdftex.def Info: Rectangular_Aperture.png used on input line 247.
(pdftex.def)             Requested size: 252.94499pt x 135.43762pt.

Overfull \hbox (12.0pt too wide) in paragraph at lines 247--248
 [][] 
 []


Underfull \hbox (badness 10000) in paragraph at lines 253--255

 []


Underfull \hbox (badness 10000) in paragraph at lines 255--257

 []


Underfull \hbox (badness 10000) in paragraph at lines 257--259

 []


Overfull \hbox (3.89676pt too wide) detected at line 259
\OML/cmm/m/it/9 I\OT1/cmr/m/n/9 (\OML/cmm/m/it/9 Y; Z\OT1/cmr/m/n/9 ) = \OML/cm
m/m/it/9 Re [][]
 []

<Lens_Diffraction.png, id=92, 611.28375pt x 396.88275pt>
File: Lens_Diffraction.png Graphic file (type png)

<use Lens_Diffraction.png>
Package pdftex.def Info: Lens_Diffraction.png used on input line 270.
(pdftex.def)             Requested size: 252.94499pt x 164.22484pt.

Overfull \hbox (12.0pt too wide) in paragraph at lines 270--271
 [][] 
 []

[4 <./Rectangular_Aperture.png> <./Lens_Diffraction.png>]
Overfull \hbox (10.75786pt too wide) detected at line 298
\OML/cmm/m/it/9 I[]sinc[]\OT1/cmr/m/n/9 ([])\OML/cmm/m/it/9 sinc[]\OT1/cmr/m/n/
9 ([])
 []

<Diffract_Simulation.png, id=105, 611.886pt x 261.1356pt>
File: Diffract_Simulation.png Graphic file (type png)

<use Diffract_Simulation.png>
Package pdftex.def Info: Diffract_Simulation.png used on input line 306.
(pdftex.def)             Requested size: 252.94499pt x 107.95087pt.

Overfull \hbox (12.0pt too wide) in paragraph at lines 306--307
 [][] 
 []

LaTeX Font Info:    Font shape `OT1/phv/m/n' will be
(Font)              scaled to size 8.27998pt on input line 346.
LaTeX Font Info:    Font shape `OT1/phv/bx/n' in size <9> not available
(Font)              Font shape `OT1/phv/b/n' tried instead on input line 346.
LaTeX Font Info:    Font shape `OT1/phv/b/n' will be
(Font)              scaled to size 8.27998pt on input line 346.
<hp_lp_contrast_loss.png, id=106, 900.36375pt x 433.01775pt>
File: hp_lp_contrast_loss.png Graphic file (type png)

<use hp_lp_contrast_loss.png>
Package pdftex.def Info: hp_lp_contrast_loss.png used on input line 352.
(pdftex.def)             Requested size: 252.94499pt x 121.64719pt.

Overfull \hbox (12.0pt too wide) in paragraph at lines 352--353
 [][] 
 []


Overfull \hbox (4.71115pt too wide) detected at line 363
\OML/cmm/m/it/9 RMSE \OT1/cmr/m/n/9 = []
 []

[5 <./Diffract_Simulation.png> <./hp_lp_contrast_loss.png>]
<Contrast_Loss.png, id=143, 786.5385pt x 458.31226pt>
File: Contrast_Loss.png Graphic file (type png)
 <use Contrast_Loss.png>
Package pdftex.def Info: Contrast_Loss.png used on input line 369.
(pdftex.def)             Requested size: 252.94499pt x 147.39021pt.

Overfull \hbox (12.0pt too wide) in paragraph at lines 369--370
 [][] 
 []

<RMSE.png, id=144, 809.424pt x 453.49425pt>
File: RMSE.png Graphic file (type png)
 <use RMSE.png>
Package pdftex.def Info: RMSE.png used on input line 378.
(pdftex.def)             Requested size: 252.94499pt x 141.7166pt.

Overfull \hbox (12.0pt too wide) in paragraph at lines 378--379
 [][] 
 []

<simulationResult_25.png, id=145, 385.44pt x 385.44pt>
File: simulationResult_25.png Graphic file (type png)

<use simulationResult_25.png>
Package pdftex.def Info: simulationResult_25.png used on input line 387.
(pdftex.def)             Requested size: 108.405pt x 108.40472pt.

<Comparison.png, id=146, 1100.31075pt x 360.74776pt>
File: Comparison.png Graphic file (type png)
 <use Comparison.png>
Package pdftex.def Info: Comparison.png used on input line 396.
(pdftex.def)             Requested size: 252.94499pt x 82.9262pt.

Overfull \hbox (12.0pt too wide) in paragraph at lines 396--397
 [][] 
 []

[6 <./Contrast_Loss.png> <./RMSE.png> <./simulationResult_25.png> <./Comparison
.png>] (final_paper.bbl)
Package atveryend Info: Empty hook `BeforeClearDocument' on input line 420.
 [7

]
Package atveryend Info: Empty hook `AfterLastShipout' on input line 420.
 (final_paper.aux)
Package atveryend Info: Executing hook `AtVeryEndDocument' on input line 420.
Package atveryend Info: Empty hook `AtEndAfterFileList' on input line 420.


LaTeX Warning: There were multiply-defined labels.

Package atveryend Info: Empty hook `AtVeryVeryEnd' on input line 420.
 ) 
Here is how much of TeX's memory you used:
 9827 strings out of 493634
 149859 string characters out of 3135238
 422892 words of memory out of 3000000
 12951 multiletter control sequences out of 15000+200000
 31218 words of font info for 64 fonts, out of 3000000 for 9000
 1025 hyphenation exceptions out of 8191
 47i,9n,97p,1440b,1570s stack positions out of 5000i,500n,10000p,200000b,50000s
{C:/Users/charl/AppData/Local/Programs/MiKTeX 2.9/fonts/enc/dvips/fontname/8r
.enc}<C:/Users/charl/AppData/Local/Programs/MiKTeX 2.9/fonts/type1/public/amsfo
nts/cmextra/cmex9.pfb><C:/Users/charl/AppData/Local/Programs/MiKTeX 2.9/fonts/t
ype1/public/amsfonts/cm/cmmi6.pfb><C:/Users/charl/AppData/Local/Programs/MiKTeX
 2.9/fonts/type1/public/amsfonts/cm/cmmi9.pfb><C:/Users/charl/AppData/Local/Pro
grams/MiKTeX 2.9/fonts/type1/public/amsfonts/cm/cmr5.pfb><C:/Users/charl/AppDat
a/Local/Programs/MiKTeX 2.9/fonts/type1/public/amsfonts/cm/cmr6.pfb><C:/Users/c
harl/AppData/Local/Programs/MiKTeX 2.9/fonts/type1/public/amsfonts/cm/cmr9.pfb>
<C:/Users/charl/AppData/Local/Programs/MiKTeX 2.9/fonts/type1/public/amsfonts/c
m/cmsy6.pfb><C:/Users/charl/AppData/Local/Programs/MiKTeX 2.9/fonts/type1/publi
c/amsfonts/cm/cmsy8.pfb><C:/Users/charl/AppData/Local/Programs/MiKTeX 2.9/fonts
/type1/public/amsfonts/cm/cmsy9.pfb><C:/Users/charl/AppData/Local/Programs/MiKT
eX 2.9/fonts/type1/urw/courier/ucrb8a.pfb><C:/Users/charl/AppData/Local/Program
s/MiKTeX 2.9/fonts/type1/urw/courier/ucrr8a.pfb><C:/Users/charl/AppData/Local/P
rograms/MiKTeX 2.9/fonts/type1/urw/courier/ucrro8a.pfb><C:/Users/charl/AppData/
Local/Programs/MiKTeX 2.9/fonts/type1/urw/helvetic/uhvb8a.pfb><C:/Users/charl/A
ppData/Local/Programs/MiKTeX 2.9/fonts/type1/urw/times/utmb8a.pfb><C:/Users/cha
rl/AppData/Local/Programs/MiKTeX 2.9/fonts/type1/urw/times/utmr8a.pfb><C:/Users
/charl/AppData/Local/Programs/MiKTeX 2.9/fonts/type1/urw/times/utmri8a.pfb>
Output written on final_paper.pdf (7 pages, 11538611 bytes).
PDF statistics:
 252 PDF objects out of 1000 (max. 8388607)
 109 named destinations out of 1000 (max. 500000)
 81 words of extra memory for PDF output out of 10000 (max. 10000000)

