This is pdfTeX, Version 3.14159265-2.6-1.40.16 (MiKTeX 2.9) (preloaded format=pdflatex 2015.12.22)  12 MAY 2017 18:50
entering extended mode
**./Thesis.tex
(Thesis.tex
LaTeX2e <2015/10/01> patch level 2
Babel <3.9m> and hyphenation patterns for 69 languages loaded.
("C:\Users\charl\AppData\Local\Programs\MiKTeX 2.9\tex\latex\base\report.cls"
Document Class: report 2014/09/29 v1.4h Standard LaTeX document class
("C:\Users\charl\AppData\Local\Programs\MiKTeX 2.9\tex\latex\base\size12.clo"
File: size12.clo 2014/09/29 v1.4h Standard LaTeX file (size option)
)
\c@part=\count79
\c@chapter=\count80
\c@section=\count81
\c@subsection=\count82
\c@subsubsection=\count83
\c@paragraph=\count84
\c@subparagraph=\count85
\c@figure=\count86
\c@table=\count87
\abovecaptionskip=\skip41
\belowcaptionskip=\skip42
\bibindent=\dimen102
) ("C:\Users\charl\AppData\Local\Programs\MiKTeX 2.9\tex\latex\base\inputenc.st
y"
Package: inputenc 2015/03/17 v1.2c Input encoding file
\inpenc@prehook=\toks14
\inpenc@posthook=\toks15
 ("C:\Users\charl\AppData\Local\Programs\MiKTeX 2.9\tex\latex\base\utf8.def"
File: utf8.def 2015/09/07 v1.1p UTF-8 support for inputenc
Now handling font encoding OML ...
... no UTF-8 mapping file for font encoding OML
Now handling font encoding T1 ...
... processing UTF-8 mapping file for font encoding T1

("C:\Users\charl\AppData\Local\Programs\MiKTeX 2.9\tex\latex\base\t1enc.dfu"
File: t1enc.dfu 2015/09/07 v1.1p UTF-8 support for inputenc
   defining Unicode char U+00A0 (decimal 160)
   defining Unicode char U+00A1 (decimal 161)
   defining Unicode char U+00A3 (decimal 163)
   defining Unicode char U+00AB (decimal 171)
   defining Unicode char U+00AD (decimal 173)
   defining Unicode char U+00BB (decimal 187)
   defining Unicode char U+00BF (decimal 191)
   defining Unicode char U+00C0 (decimal 192)
   defining Unicode char U+00C1 (decimal 193)
   defining Unicode char U+00C2 (decimal 194)
   defining Unicode char U+00C3 (decimal 195)
   defining Unicode char U+00C4 (decimal 196)
   defining Unicode char U+00C5 (decimal 197)
   defining Unicode char U+00C6 (decimal 198)
   defining Unicode char U+00C7 (decimal 199)
   defining Unicode char U+00C8 (decimal 200)
   defining Unicode char U+00C9 (decimal 201)
   defining Unicode char U+00CA (decimal 202)
   defining Unicode char U+00CB (decimal 203)
   defining Unicode char U+00CC (decimal 204)
   defining Unicode char U+00CD (decimal 205)
   defining Unicode char U+00CE (decimal 206)
   defining Unicode char U+00CF (decimal 207)
   defining Unicode char U+00D0 (decimal 208)
   defining Unicode char U+00D1 (decimal 209)
   defining Unicode char U+00D2 (decimal 210)
   defining Unicode char U+00D3 (decimal 211)
   defining Unicode char U+00D4 (decimal 212)
   defining Unicode char U+00D5 (decimal 213)
   defining Unicode char U+00D6 (decimal 214)
   defining Unicode char U+00D8 (decimal 216)
   defining Unicode char U+00D9 (decimal 217)
   defining Unicode char U+00DA (decimal 218)
   defining Unicode char U+00DB (decimal 219)
   defining Unicode char U+00DC (decimal 220)
   defining Unicode char U+00DD (decimal 221)
   defining Unicode char U+00DE (decimal 222)
   defining Unicode char U+00DF (decimal 223)
   defining Unicode char U+00E0 (decimal 224)
   defining Unicode char U+00E1 (decimal 225)
   defining Unicode char U+00E2 (decimal 226)
   defining Unicode char U+00E3 (decimal 227)
   defining Unicode char U+00E4 (decimal 228)
   defining Unicode char U+00E5 (decimal 229)
   defining Unicode char U+00E6 (decimal 230)
   defining Unicode char U+00E7 (decimal 231)
   defining Unicode char U+00E8 (decimal 232)
   defining Unicode char U+00E9 (decimal 233)
   defining Unicode char U+00EA (decimal 234)
   defining Unicode char U+00EB (decimal 235)
   defining Unicode char U+00EC (decimal 236)
   defining Unicode char U+00ED (decimal 237)
   defining Unicode char U+00EE (decimal 238)
   defining Unicode char U+00EF (decimal 239)
   defining Unicode char U+00F0 (decimal 240)
   defining Unicode char U+00F1 (decimal 241)
   defining Unicode char U+00F2 (decimal 242)
   defining Unicode char U+00F3 (decimal 243)
   defining Unicode char U+00F4 (decimal 244)
   defining Unicode char U+00F5 (decimal 245)
   defining Unicode char U+00F6 (decimal 246)
   defining Unicode char U+00F8 (decimal 248)
   defining Unicode char U+00F9 (decimal 249)
   defining Unicode char U+00FA (decimal 250)
   defining Unicode char U+00FB (decimal 251)
   defining Unicode char U+00FC (decimal 252)
   defining Unicode char U+00FD (decimal 253)
   defining Unicode char U+00FE (decimal 254)
   defining Unicode char U+00FF (decimal 255)
   defining Unicode char U+0102 (decimal 258)
   defining Unicode char U+0103 (decimal 259)
   defining Unicode char U+0104 (decimal 260)
   defining Unicode char U+0105 (decimal 261)
   defining Unicode char U+0106 (decimal 262)
   defining Unicode char U+0107 (decimal 263)
   defining Unicode char U+010C (decimal 268)
   defining Unicode char U+010D (decimal 269)
   defining Unicode char U+010E (decimal 270)
   defining Unicode char U+010F (decimal 271)
   defining Unicode char U+0110 (decimal 272)
   defining Unicode char U+0111 (decimal 273)
   defining Unicode char U+0118 (decimal 280)
   defining Unicode char U+0119 (decimal 281)
   defining Unicode char U+011A (decimal 282)
   defining Unicode char U+011B (decimal 283)
   defining Unicode char U+011E (decimal 286)
   defining Unicode char U+011F (decimal 287)
   defining Unicode char U+0130 (decimal 304)
   defining Unicode char U+0131 (decimal 305)
   defining Unicode char U+0132 (decimal 306)
   defining Unicode char U+0133 (decimal 307)
   defining Unicode char U+0139 (decimal 313)
   defining Unicode char U+013A (decimal 314)
   defining Unicode char U+013D (decimal 317)
   defining Unicode char U+013E (decimal 318)
   defining Unicode char U+0141 (decimal 321)
   defining Unicode char U+0142 (decimal 322)
   defining Unicode char U+0143 (decimal 323)
   defining Unicode char U+0144 (decimal 324)
   defining Unicode char U+0147 (decimal 327)
   defining Unicode char U+0148 (decimal 328)
   defining Unicode char U+014A (decimal 330)
   defining Unicode char U+014B (decimal 331)
   defining Unicode char U+0150 (decimal 336)
   defining Unicode char U+0151 (decimal 337)
   defining Unicode char U+0152 (decimal 338)
   defining Unicode char U+0153 (decimal 339)
   defining Unicode char U+0154 (decimal 340)
   defining Unicode char U+0155 (decimal 341)
   defining Unicode char U+0158 (decimal 344)
   defining Unicode char U+0159 (decimal 345)
   defining Unicode char U+015A (decimal 346)
   defining Unicode char U+015B (decimal 347)
   defining Unicode char U+015E (decimal 350)
   defining Unicode char U+015F (decimal 351)
   defining Unicode char U+0160 (decimal 352)
   defining Unicode char U+0161 (decimal 353)
   defining Unicode char U+0162 (decimal 354)
   defining Unicode char U+0163 (decimal 355)
   defining Unicode char U+0164 (decimal 356)
   defining Unicode char U+0165 (decimal 357)
   defining Unicode char U+016E (decimal 366)
   defining Unicode char U+016F (decimal 367)
   defining Unicode char U+0170 (decimal 368)
   defining Unicode char U+0171 (decimal 369)
   defining Unicode char U+0174 (decimal 372)
   defining Unicode char U+0175 (decimal 373)
   defining Unicode char U+0176 (decimal 374)
   defining Unicode char U+0177 (decimal 375)
   defining Unicode char U+0178 (decimal 376)
   defining Unicode char U+0179 (decimal 377)
   defining Unicode char U+017A (decimal 378)
   defining Unicode char U+017B (decimal 379)
   defining Unicode char U+017C (decimal 380)
   defining Unicode char U+017D (decimal 381)
   defining Unicode char U+017E (decimal 382)
   defining Unicode char U+0218 (decimal 536)
   defining Unicode char U+0219 (decimal 537)
   defining Unicode char U+021A (decimal 538)
   defining Unicode char U+021B (decimal 539)
   defining Unicode char U+200C (decimal 8204)
   defining Unicode char U+2013 (decimal 8211)
   defining Unicode char U+2014 (decimal 8212)
   defining Unicode char U+2018 (decimal 8216)
   defining Unicode char U+2019 (decimal 8217)
   defining Unicode char U+201A (decimal 8218)
   defining Unicode char U+201C (decimal 8220)
   defining Unicode char U+201D (decimal 8221)
   defining Unicode char U+201E (decimal 8222)
   defining Unicode char U+2030 (decimal 8240)
   defining Unicode char U+2031 (decimal 8241)
   defining Unicode char U+2039 (decimal 8249)
   defining Unicode char U+203A (decimal 8250)
   defining Unicode char U+2423 (decimal 9251)
)
Now handling font encoding OT1 ...
... processing UTF-8 mapping file for font encoding OT1

("C:\Users\charl\AppData\Local\Programs\MiKTeX 2.9\tex\latex\base\ot1enc.dfu"
File: ot1enc.dfu 2015/09/07 v1.1p UTF-8 support for inputenc
   defining Unicode char U+00A0 (decimal 160)
   defining Unicode char U+00A1 (decimal 161)
   defining Unicode char U+00A3 (decimal 163)
   defining Unicode char U+00AD (decimal 173)
   defining Unicode char U+00B8 (decimal 184)
   defining Unicode char U+00BF (decimal 191)
   defining Unicode char U+00C5 (decimal 197)
   defining Unicode char U+00C6 (decimal 198)
   defining Unicode char U+00D8 (decimal 216)
   defining Unicode char U+00DF (decimal 223)
   defining Unicode char U+00E6 (decimal 230)
   defining Unicode char U+00EC (decimal 236)
   defining Unicode char U+00ED (decimal 237)
   defining Unicode char U+00EE (decimal 238)
   defining Unicode char U+00EF (decimal 239)
   defining Unicode char U+00F8 (decimal 248)
   defining Unicode char U+0131 (decimal 305)
   defining Unicode char U+0141 (decimal 321)
   defining Unicode char U+0142 (decimal 322)
   defining Unicode char U+0152 (decimal 338)
   defining Unicode char U+0153 (decimal 339)
   defining Unicode char U+0174 (decimal 372)
   defining Unicode char U+0175 (decimal 373)
   defining Unicode char U+0176 (decimal 374)
   defining Unicode char U+0177 (decimal 375)
   defining Unicode char U+0218 (decimal 536)
   defining Unicode char U+0219 (decimal 537)
   defining Unicode char U+021A (decimal 538)
   defining Unicode char U+021B (decimal 539)
   defining Unicode char U+2013 (decimal 8211)
   defining Unicode char U+2014 (decimal 8212)
   defining Unicode char U+2018 (decimal 8216)
   defining Unicode char U+2019 (decimal 8217)
   defining Unicode char U+201C (decimal 8220)
   defining Unicode char U+201D (decimal 8221)
)
Now handling font encoding OMS ...
... processing UTF-8 mapping file for font encoding OMS

("C:\Users\charl\AppData\Local\Programs\MiKTeX 2.9\tex\latex\base\omsenc.dfu"
File: omsenc.dfu 2015/09/07 v1.1p UTF-8 support for inputenc
   defining Unicode char U+00A7 (decimal 167)
   defining Unicode char U+00B6 (decimal 182)
   defining Unicode char U+00B7 (decimal 183)
   defining Unicode char U+2020 (decimal 8224)
   defining Unicode char U+2021 (decimal 8225)
   defining Unicode char U+2022 (decimal 8226)
)
Now handling font encoding OMX ...
... no UTF-8 mapping file for font encoding OMX
Now handling font encoding U ...
... no UTF-8 mapping file for font encoding U
   defining Unicode char U+00A9 (decimal 169)
   defining Unicode char U+00AA (decimal 170)
   defining Unicode char U+00AE (decimal 174)
   defining Unicode char U+00BA (decimal 186)
   defining Unicode char U+02C6 (decimal 710)
   defining Unicode char U+02DC (decimal 732)
   defining Unicode char U+200C (decimal 8204)
   defining Unicode char U+2026 (decimal 8230)
   defining Unicode char U+2122 (decimal 8482)
   defining Unicode char U+2423 (decimal 9251)
))
("C:\Users\charl\AppData\Local\Programs\MiKTeX 2.9\tex\latex\graphics\graphicx.
sty"
Package: graphicx 2014/10/28 v1.0g Enhanced LaTeX Graphics (DPC,SPQR)

("C:\Users\charl\AppData\Local\Programs\MiKTeX 2.9\tex\latex\graphics\keyval.st
y"
Package: keyval 2014/10/28 v1.15 key=value parser (DPC)
\KV@toks@=\toks16
)
("C:\Users\charl\AppData\Local\Programs\MiKTeX 2.9\tex\latex\graphics\graphics.
sty"
Package: graphics 2014/10/28 v1.0p Standard LaTeX Graphics (DPC,SPQR)

("C:\Users\charl\AppData\Local\Programs\MiKTeX 2.9\tex\latex\graphics\trig.sty"
Package: trig 1999/03/16 v1.09 sin cos tan (DPC)
)
("C:\Users\charl\AppData\Local\Programs\MiKTeX 2.9\tex\latex\00miktex\graphics.
cfg"
File: graphics.cfg 2007/01/18 v1.5 graphics configuration of teTeX/TeXLive
)
Package graphics Info: Driver file: pdftex.def on input line 94.

("C:\Users\charl\AppData\Local\Programs\MiKTeX 2.9\tex\latex\pdftex-def\pdftex.
def"
File: pdftex.def 2011/05/27 v0.06d Graphics/color for pdfTeX

("C:\Users\charl\AppData\Local\Programs\MiKTeX 2.9\tex\generic\oberdiek\infware
rr.sty"
Package: infwarerr 2010/04/08 v1.3 Providing info/warning/error messages (HO)
)
("C:\Users\charl\AppData\Local\Programs\MiKTeX 2.9\tex\generic\oberdiek\ltxcmds
.sty"
Package: ltxcmds 2011/11/09 v1.22 LaTeX kernel commands for general use (HO)
)
\Gread@gobject=\count88
))
\Gin@req@height=\dimen103
\Gin@req@width=\dimen104
)
("C:\Users\charl\AppData\Local\Programs\MiKTeX 2.9\tex\latex\listings\listings.
sty"
\lst@mode=\count89
\lst@gtempboxa=\box26
\lst@token=\toks17
\lst@length=\count90
\lst@currlwidth=\dimen105
\lst@column=\count91
\lst@pos=\count92
\lst@lostspace=\dimen106
\lst@width=\dimen107
\lst@newlines=\count93
\lst@lineno=\count94
\lst@maxwidth=\dimen108

("C:\Users\charl\AppData\Local\Programs\MiKTeX 2.9\tex\latex\listings\lstmisc.s
ty"
File: lstmisc.sty 2015/06/04 1.6 (Carsten Heinz)
\c@lstnumber=\count95
\lst@skipnumbers=\count96
\lst@framebox=\box27
)
("C:\Users\charl\AppData\Local\Programs\MiKTeX 2.9\tex\latex\listings\listings.
cfg"
File: listings.cfg 2015/06/04 1.6 listings configuration
))
Package: listings 2015/06/04 1.6 (Carsten Heinz)

("C:\Users\charl\AppData\Local\Programs\MiKTeX 2.9\tex\latex\tools\verbatim.sty
"
Package: verbatim 2014/10/28 v1.5q LaTeX2e package for verbatim enhancements
\every@verbatim=\toks18
\verbatim@line=\toks19
\verbatim@in@stream=\read1
)
("C:\Users\charl\AppData\Local\Programs\MiKTeX 2.9\tex\latex\csquotes\csquotes.
sty"
Package: csquotes 2016/07/14 v5.1h context-sensitive quotations (JAW)

("C:\Users\charl\AppData\Local\Programs\MiKTeX 2.9\tex\latex\etoolbox\etoolbox.
sty"
Package: etoolbox 2016/12/01 v2.2b e-TeX tools for LaTeX (JAW)
\etb@tempcnta=\count97
)
\csq@reset=\count98
\csq@gtype=\count99
\csq@glevel=\count100
\csq@qlevel=\count101
\csq@maxlvl=\count102
\csq@tshold=\count103
\csq@ltx@everypar=\toks20

("C:\Users\charl\AppData\Local\Programs\MiKTeX 2.9\tex\latex\csquotes\csquotes.
def"
File: csquotes.def 2016/07/14 v5.1h csquotes generic definitions (JAW)
)
Package csquotes Info: Trying to load configuration file 'csquotes.cfg'...
Package csquotes Info: ... configuration file loaded successfully.

("C:\Users\charl\AppData\Local\Programs\MiKTeX 2.9\tex\latex\csquotes\csquotes.
cfg"
File: csquotes.cfg 
))
("C:\Users\charl\AppData\Local\Programs\MiKTeX 2.9\tex\latex\amsmath\amsmath.st
y"
Package: amsmath 2013/01/14 v2.14 AMS math features
\@mathmargin=\skip43

For additional information on amsmath, use the `?' option.

("C:\Users\charl\AppData\Local\Programs\MiKTeX 2.9\tex\latex\amsmath\amstext.st
y"
Package: amstext 2000/06/29 v2.01

("C:\Users\charl\AppData\Local\Programs\MiKTeX 2.9\tex\latex\amsmath\amsgen.sty
"
File: amsgen.sty 1999/11/30 v2.0
\@emptytoks=\toks21
\ex@=\dimen109
))
("C:\Users\charl\AppData\Local\Programs\MiKTeX 2.9\tex\latex\amsmath\amsbsy.sty
"
Package: amsbsy 1999/11/29 v1.2d
\pmbraise@=\dimen110
)
("C:\Users\charl\AppData\Local\Programs\MiKTeX 2.9\tex\latex\amsmath\amsopn.sty
"
Package: amsopn 1999/12/14 v2.01 operator names
)
\inf@bad=\count104
LaTeX Info: Redefining \frac on input line 210.
\uproot@=\count105
\leftroot@=\count106
LaTeX Info: Redefining \overline on input line 306.
\classnum@=\count107
\DOTSCASE@=\count108
LaTeX Info: Redefining \ldots on input line 378.
LaTeX Info: Redefining \dots on input line 381.
LaTeX Info: Redefining \cdots on input line 466.
\Mathstrutbox@=\box28
\strutbox@=\box29
\big@size=\dimen111
LaTeX Font Info:    Redeclaring font encoding OML on input line 566.
LaTeX Font Info:    Redeclaring font encoding OMS on input line 567.
\macc@depth=\count109
\c@MaxMatrixCols=\count110
\dotsspace@=\muskip10
\c@parentequation=\count111
\dspbrk@lvl=\count112
\tag@help=\toks22
\row@=\count113
\column@=\count114
\maxfields@=\count115
\andhelp@=\toks23
\eqnshift@=\dimen112
\alignsep@=\dimen113
\tagshift@=\dimen114
\tagwidth@=\dimen115
\totwidth@=\dimen116
\lineht@=\dimen117
\@envbody=\toks24
\multlinegap=\skip44
\multlinetaggap=\skip45
\mathdisplay@stack=\toks25
LaTeX Info: Redefining \[ on input line 2665.
LaTeX Info: Redefining \] on input line 2666.
)
("C:\Users\charl\AppData\Local\Programs\MiKTeX 2.9\tex\latex\tools\tabularx.sty
"
Package: tabularx 2014/10/28 v2.10 `tabularx' package (DPC)
 ("C:\Users\charl\AppData\Local\Programs\MiKTeX 2.9\tex\latex\tools\array.sty"
Package: array 2014/10/28 v2.4c Tabular extension package (FMi)
\col@sep=\dimen118
\extrarowheight=\dimen119
\NC@list=\toks26
\extratabsurround=\skip46
\backup@length=\skip47
)
\TX@col@width=\dimen120
\TX@old@table=\dimen121
\TX@old@col=\dimen122
\TX@target=\dimen123
\TX@delta=\dimen124
\TX@cols=\count116
\TX@ftn=\toks27
)
("C:\Users\charl\AppData\Local\Programs\MiKTeX 2.9\tex\latex\tabulary\tabulary.
sty"
Package: tabulary 2014/06/11 v0.10 tabulary package (DPC)
\TY@count=\count117
\TY@linewidth=\dimen125
\tymin=\dimen126
\tymax=\dimen127
\TY@tablewidth=\dimen128
)
("C:\Users\charl\AppData\Local\Programs\MiKTeX 2.9\tex\latex\biblatex\biblatex.
sty"
Package: biblatex 2016/12/05 v3.7 programmable bibliographies (PK/JW/AB)

("C:\Users\charl\AppData\Local\Programs\MiKTeX 2.9\tex\generic\oberdiek\pdftexc
mds.sty"
Package: pdftexcmds 2011/11/29 v0.20 Utility functions of pdfTeX for LuaTeX (HO
)

("C:\Users\charl\AppData\Local\Programs\MiKTeX 2.9\tex\generic\oberdiek\ifluate
x.sty"
Package: ifluatex 2010/03/01 v1.3 Provides the ifluatex switch (HO)
Package ifluatex Info: LuaTeX not detected.
)
("C:\Users\charl\AppData\Local\Programs\MiKTeX 2.9\tex\generic\oberdiek\ifpdf.s
ty"
Package: ifpdf 2011/01/30 v2.3 Provides the ifpdf switch (HO)
Package ifpdf Info: pdfTeX in PDF mode is detected.
)
Package pdftexcmds Info: LuaTeX not detected.
Package pdftexcmds Info: \pdf@primitive is available.
Package pdftexcmds Info: \pdf@ifprimitive is available.
Package pdftexcmds Info: \pdfdraftmode found.
)
("C:\Users\charl\AppData\Local\Programs\MiKTeX 2.9\tex\latex\oberdiek\kvoptions
.sty"
Package: kvoptions 2011/06/30 v3.11 Key value format for package options (HO)

("C:\Users\charl\AppData\Local\Programs\MiKTeX 2.9\tex\generic\oberdiek\kvsetke
ys.sty"
Package: kvsetkeys 2012/04/25 v1.16 Key value parser (HO)

("C:\Users\charl\AppData\Local\Programs\MiKTeX 2.9\tex\generic\oberdiek\etexcmd
s.sty"
Package: etexcmds 2011/02/16 v1.5 Avoid name clashes with e-TeX commands (HO)
Package etexcmds Info: Could not find \expanded.
(etexcmds)             That can mean that you are not using pdfTeX 1.50 or
(etexcmds)             that some package has redefined \expanded.
(etexcmds)             In the latter case, load this package earlier.
)))
("C:\Users\charl\AppData\Local\Programs\MiKTeX 2.9\tex\latex\logreq\logreq.sty"
Package: logreq 2010/08/04 v1.0 xml request logger
\lrq@indent=\count118
("C:\Users\charl\AppData\Local\Programs\MiKTeX 2.9\tex\latex\logreq\logreq.def"
File: logreq.def 2010/08/04 v1.0 logreq spec v1.0
)) ("C:\Users\charl\AppData\Local\Programs\MiKTeX 2.9\tex\latex\base\ifthen.sty
"
Package: ifthen 2014/09/29 v1.1c Standard LaTeX ifthen package (DPC)
) ("C:\Users\charl\AppData\Local\Programs\MiKTeX 2.9\tex\latex\url\url.sty"
\Urlmuskip=\muskip11
Package: url 2013/09/16  ver 3.4  Verb mode for urls, etc.
)
("C:\Users\charl\AppData\Local\Programs\MiKTeX 2.9\tex\latex\xstring\xstring.st
y"
("C:\Users\charl\AppData\Local\Programs\MiKTeX 2.9\tex\generic\xstring\xstring.
tex"
\@xs@message=\write3
\integerpart=\count119
\decimalpart=\count120
)
Package: xstring 2013/10/13  v1.7c  String manipulations (C Tellechea)
)
\c@tabx@nest=\count121
\c@listtotal=\count122
\c@listcount=\count123
\c@liststart=\count124
\c@liststop=\count125
\c@citecount=\count126
\c@citetotal=\count127
\c@multicitecount=\count128
\c@multicitetotal=\count129
\c@instcount=\count130
\c@maxnames=\count131
\c@minnames=\count132
\c@maxitems=\count133
\c@minitems=\count134
\c@citecounter=\count135
\c@savedcitecounter=\count136
\c@uniquelist=\count137
\c@uniquename=\count138
\c@refsection=\count139
\c@refsegment=\count140
\c@maxextratitle=\count141
\c@maxextratitleyear=\count142
\c@maxextrayear=\count143
\c@maxextraalpha=\count144
\c@abbrvpenalty=\count145
\c@highnamepenalty=\count146
\c@lownamepenalty=\count147
\c@maxparens=\count148
\c@parenlevel=\count149
\blx@tempcnta=\count150
\blx@tempcntb=\count151
\blx@tempcntc=\count152
\blx@maxsection=\count153
\blx@maxsegment@0=\count154
\blx@notetype=\count155
\blx@parenlevel@text=\count156
\blx@parenlevel@foot=\count157
\blx@sectionciteorder@0=\count158
\labelnumberwidth=\skip48
\labelalphawidth=\skip49
\biblabelsep=\skip50
\bibitemsep=\skip51
\bibnamesep=\skip52
\bibinitsep=\skip53
\bibparsep=\skip54
\bibhang=\skip55
\blx@bcfin=\read2
\blx@bcfout=\write4
\c@mincomprange=\count159
\c@maxcomprange=\count160
\c@mincompwidth=\count161
Package biblatex Info: Trying to load biblatex default data model...
Package biblatex Info: ... file 'blx-dm.def' found.

("C:\Users\charl\AppData\Local\Programs\MiKTeX 2.9\tex\latex\biblatex\blx-dm.de
f")
Package biblatex Info: Trying to load biblatex custom data model...
Package biblatex Info: ... file 'biblatex-dm.cfg' not found.
\c@afterword=\count162
\c@savedafterword=\count163
\c@annotator=\count164
\c@savedannotator=\count165
\c@author=\count166
\c@savedauthor=\count167
\c@bookauthor=\count168
\c@savedbookauthor=\count169
\c@commentator=\count170
\c@savedcommentator=\count171
\c@editor=\count172
\c@savededitor=\count173
\c@editora=\count174
\c@savededitora=\count175
\c@editorb=\count176
\c@savededitorb=\count177
\c@editorc=\count178
\c@savededitorc=\count179
\c@foreword=\count180
\c@savedforeword=\count181
\c@holder=\count182
\c@savedholder=\count183
\c@introduction=\count184
\c@savedintroduction=\count185
\c@namea=\count186
\c@savednamea=\count187
\c@nameb=\count188
\c@savednameb=\count189
\c@namec=\count190
\c@savednamec=\count191
\c@translator=\count192
\c@savedtranslator=\count193
\c@shortauthor=\count194
\c@savedshortauthor=\count195
\c@shorteditor=\count196
\c@savedshorteditor=\count197
\c@labelname=\count198
\c@savedlabelname=\count199
\c@institution=\count266
\c@savedinstitution=\count267
\c@lista=\count268
\c@savedlista=\count269
\c@listb=\count270
\c@savedlistb=\count271
\c@listc=\count272
\c@savedlistc=\count273
\c@listd=\count274
\c@savedlistd=\count275
\c@liste=\count276
\c@savedliste=\count277
\c@listf=\count278
\c@savedlistf=\count279
\c@location=\count280
\c@savedlocation=\count281
\c@organization=\count282
\c@savedorganization=\count283
\c@origlocation=\count284
\c@savedoriglocation=\count285
\c@origpublisher=\count286
\c@savedorigpublisher=\count287
\c@publisher=\count288
\c@savedpublisher=\count289
\c@language=\count290
\c@savedlanguage=\count291
\c@pageref=\count292
\c@savedpageref=\count293
\shorthandwidth=\skip56
\shortjournalwidth=\skip57
\shortserieswidth=\skip58
\shorttitlewidth=\skip59
\shortauthorwidth=\skip60
\shorteditorwidth=\skip61
Package biblatex Info: Trying to load compatibility code...
Package biblatex Info: ... file 'blx-compat.def' found.

("C:\Users\charl\AppData\Local\Programs\MiKTeX 2.9\tex\latex\biblatex\blx-compa
t.def"
File: blx-compat.def 2016/12/05 v3.7 biblatex compatibility (PK/JW/AB)
)
Package biblatex Info: Trying to load BibTeX backend compatibility...
Package biblatex Info: ... file 'blx-bibtex.def' found.

("C:\Users\charl\AppData\Local\Programs\MiKTeX 2.9\tex\latex\biblatex\blx-bibte
x.def"
File: blx-bibtex.def 2016/12/05 v3.7 biblatex compatibility (PK/JW/AB)


Package biblatex Warning: Using fall-back BibTeX(8) backend:
(biblatex)                functionality may be reduced/unavailable.

)
Package biblatex Info: Trying to load generic definitions...
Package biblatex Info: ... file 'biblatex.def' found.

("C:\Users\charl\AppData\Local\Programs\MiKTeX 2.9\tex\latex\biblatex\biblatex.
def"
File: biblatex.def 2016/12/05 v3.7 biblatex compatibility (PK/JW/AB)
\c@textcitecount=\count294
\c@textcitetotal=\count295
\c@textcitemaxnames=\count296
\c@biburlnumpenalty=\count297
\c@biburlucpenalty=\count298
\c@biburllcpenalty=\count299
\c@smartand=\count300
)
Package biblatex Info: Trying to load bibliography style 'numeric'...
Package biblatex Info: ... file 'numeric.bbx' found.

("C:\Users\charl\AppData\Local\Programs\MiKTeX 2.9\tex\latex\biblatex\bbx\numer
ic.bbx"
File: numeric.bbx 2016/12/05 v3.7 biblatex bibliography style (PK/JW/AB)
Package biblatex Info: Trying to load bibliography style 'standard'...
Package biblatex Info: ... file 'standard.bbx' found.

("C:\Users\charl\AppData\Local\Programs\MiKTeX 2.9\tex\latex\biblatex\bbx\stand
ard.bbx"
File: standard.bbx 2016/12/05 v3.7 biblatex bibliography style (PK/JW/AB)
\c@bbx:relatedcount=\count301
\c@bbx:relatedtotal=\count302
))
Package biblatex Info: Trying to load citation style 'numeric'...
Package biblatex Info: ... file 'numeric.cbx' found.

("C:\Users\charl\AppData\Local\Programs\MiKTeX 2.9\tex\latex\biblatex\cbx\numer
ic.cbx"
File: numeric.cbx 2016/12/05 v3.7 biblatex citation style (PK/JW/AB)
Package biblatex Info: Redefining '\cite'.
Package biblatex Info: Redefining '\parencite'.
Package biblatex Info: Redefining '\footcite'.
Package biblatex Info: Redefining '\footcitetext'.
Package biblatex Info: Redefining '\smartcite'.
Package biblatex Info: Redefining '\supercite'.
Package biblatex Info: Redefining '\textcite'.
Package biblatex Info: Redefining '\textcites'.
Package biblatex Info: Redefining '\cites'.
Package biblatex Info: Redefining '\parencites'.
Package biblatex Info: Redefining '\smartcites'.
)
Package biblatex Info: Trying to load configuration file...
Package biblatex Info: ... file 'biblatex.cfg' found.

("C:\Users\charl\AppData\Local\Programs\MiKTeX 2.9\tex\latex\biblatex\biblatex.
cfg"
File: biblatex.cfg 
))
("C:\Users\charl\AppData\Local\Programs\MiKTeX 2.9\tex\latex\geometry\geometry.
sty"
Package: geometry 2010/09/12 v5.6 Page Geometry

("C:\Users\charl\AppData\Local\Programs\MiKTeX 2.9\tex\generic\oberdiek\ifvtex.
sty"
Package: ifvtex 2010/03/01 v1.5 Detect VTeX and its facilities (HO)
Package ifvtex Info: VTeX not detected.
)
("C:\Users\charl\AppData\Local\Programs\MiKTeX 2.9\tex\generic\ifxetex\ifxetex.
sty"
Package: ifxetex 2010/09/12 v0.6 Provides ifxetex conditional
)
\Gm@cnth=\count303
\Gm@cntv=\count304
\c@Gm@tempcnt=\count305
\Gm@bindingoffset=\dimen129
\Gm@wd@mp=\dimen130
\Gm@odd@mp=\dimen131
\Gm@even@mp=\dimen132
\Gm@layoutwidth=\dimen133
\Gm@layoutheight=\dimen134
\Gm@layouthoffset=\dimen135
\Gm@layoutvoffset=\dimen136
\Gm@dimlist=\toks28

("C:\Users\charl\AppData\Local\Programs\MiKTeX 2.9\tex\latex\geometry\geometry.
cfg"))
Package csquotes Info: Checking for multilingual support...
Package csquotes Info: ... none found.
Package biblatex Info: Trying to load language 'english'...
Package biblatex Info: ... file 'english.lbx' found.

("C:\Users\charl\AppData\Local\Programs\MiKTeX 2.9\tex\latex\biblatex\lbx\engli
sh.lbx"
File: english.lbx 2016/12/05 v3.7 biblatex localization (PK/JW/AB)
) (Thesis.aux

LaTeX Warning: Label `fig:ferrari' multiply defined.


LaTeX Warning: Label `fig:ferrari' multiply defined.


LaTeX Warning: Label `fig:ferrari' multiply defined.


LaTeX Warning: Label `fig:ferrari' multiply defined.

)
\openout1 = `Thesis.aux'.

LaTeX Font Info:    Checking defaults for OML/cmm/m/it on input line 8.
LaTeX Font Info:    ... okay on input line 8.
LaTeX Font Info:    Checking defaults for T1/cmr/m/n on input line 8.
LaTeX Font Info:    ... okay on input line 8.
LaTeX Font Info:    Checking defaults for OT1/cmr/m/n on input line 8.
LaTeX Font Info:    ... okay on input line 8.
LaTeX Font Info:    Checking defaults for OMS/cmsy/m/n on input line 8.
LaTeX Font Info:    ... okay on input line 8.
LaTeX Font Info:    Checking defaults for OMX/cmex/m/n on input line 8.
LaTeX Font Info:    ... okay on input line 8.
LaTeX Font Info:    Checking defaults for U/cmr/m/n on input line 8.
LaTeX Font Info:    ... okay on input line 8.

("C:\Users\charl\AppData\Local\Programs\MiKTeX 2.9\tex\context\base\supp-pdf.mk
ii"
[Loading MPS to PDF converter (version 2006.09.02).]
\scratchcounter=\count306
\scratchdimen=\dimen137
\scratchbox=\box30
\nofMPsegments=\count307
\nofMParguments=\count308
\everyMPshowfont=\toks29
\MPscratchCnt=\count309
\MPscratchDim=\dimen138
\MPnumerator=\count310
\makeMPintoPDFobject=\count311
\everyMPtoPDFconversion=\toks30
)
\c@lstlisting=\count312
Package biblatex Info: Input encoding 'utf8' detected.
Package biblatex Info: Automatic encoding selection.
(biblatex)             Assuming data encoding 'utf8'.
Package biblatex Info: Input encoding 'utf8' specified.
Package biblatex Info: Data encoding 'utf8' specified.
(biblatex)             No need to reencode data.
\openout4 = `Thesis-blx.bib'.

Package biblatex Info: Trying to load bibliographic data...
Package biblatex Info: ... file 'Thesis.bbl' found.
 (Thesis.bbl

Package biblatex Warning: Biber reported the following issues
(biblatex)                with 'Huang:EECS-2013-206':
(biblatex)                - Invalid format of field 'month'.


Package biblatex Warning: Biber reported the following issues
(biblatex)                with 'chipworks':
(biblatex)                - Invalid format of field 'month'.


Package biblatex Warning: Biber reported the following issues
(biblatex)                with 'allaboutvision:2016':
(biblatex)                - Invalid format of field 'month'.


Package biblatex Warning: Biber reported the following issues
(biblatex)                with 'Rao:2014:FraunhoferDiffraction':
(biblatex)                - Invalid format of field 'month'.


Package biblatex Warning: Biber reported the following issues
(biblatex)                with 'gsmarena':
(biblatex)                - Invalid format of field 'month'.


Package biblatex Warning: Biber reported the following issues
(biblatex)                with 'Wu:EECS-2016-67':
(biblatex)                - Invalid format of field 'month'.


Package biblatex Warning: Biber reported the following issues
(biblatex)                with 'android:headlines':
(biblatex)                - Invalid format of field 'month'.

)
Package biblatex Info: Reference section=0 on input line 8.
Package biblatex Info: Reference segment=0 on input line 8.

*geometry* driver: auto-detecting
*geometry* detected driver: pdftex
*geometry* verbose mode - [ preamble ] result:
* driver: pdftex
* paper: <default>
* layout: <same size as paper>
* layoutoffset:(h,v)=(0.0pt,0.0pt)
* modes: 
* h-part:(L,W,R)=(72.26999pt, 469.75502pt, 72.26999pt)
* v-part:(T,H,B)=(72.26999pt, 650.43001pt, 72.26999pt)
* \paperwidth=614.295pt
* \paperheight=794.96999pt
* \textwidth=469.75502pt
* \textheight=650.43001pt
* \oddsidemargin=0.0pt
* \evensidemargin=0.0pt
* \topmargin=-37.0pt
* \headheight=12.0pt
* \headsep=25.0pt
* \topskip=12.0pt
* \footskip=30.0pt
* \marginparwidth=44.0pt
* \marginparsep=10.0pt
* \columnsep=10.0pt
* \skip\footins=10.8pt plus 4.0pt minus 2.0pt
* \hoffset=0.0pt
* \voffset=0.0pt
* \mag=1000
* \@twocolumnfalse
* \@twosidefalse
* \@mparswitchfalse
* \@reversemarginfalse
* (1in=72.27pt=25.4mm, 1cm=28.453pt)

[1

{C:/Users/charl/AppData/Local/MiKTeX/2.9/pdftex/config/pdftex.map}] [1

]
[2

] (Thesis.toc [3

])
\tf@toc=\write5
\openout5 = `Thesis.toc'.

 (chapters/chapter1/introduction.tex [4]
Chapter 1.
<chapters/chapter1/images/phone.jpg, id=20, 1138.0116pt x 825.0825pt>
File: chapters/chapter1/images/phone.jpg Graphic file (type jpg)

<use chapters/chapter1/images/phone.jpg>
Package pdftex.def Info: chapters/chapter1/images/phone.jpg used on input line 
14.
(pdftex.def)             Requested size: 299.0364pt x 216.81pt.
 [5

]) (chapters/chapter2/chapter2.tex
[6 <./chapters/chapter1/images/phone.jpg>]
Chapter 2.
<chapters/chapter2/images/gauss.png, id=29, 910.602pt x 421.575pt>
File: chapters/chapter2/images/gauss.png Graphic file (type png)

<use chapters/chapter2/images/gauss.png>
Package pdftex.def Info: chapters/chapter2/images/gauss.png used on input line 
9.
(pdftex.def)             Requested size: 361.34999pt x 167.289pt.
 [7

 <./chapters/chapter2/images/gauss.png>] <chapters/chapter2/images/myopia.png, 
id=34, 946.737pt x 424.58624pt>
File: chapters/chapter2/images/myopia.png Graphic file (type png)

<use chapters/chapter2/images/myopia.png>
Package pdftex.def Info: chapters/chapter2/images/myopia.png used on input line
 23.
(pdftex.def)             Requested size: 361.34999pt x 162.0571pt.

<chapters/chapter2/images/hyperopia.png, id=36, 1012.38225pt x 428.19975pt>
File: chapters/chapter2/images/hyperopia.png Graphic file (type png)

<use chapters/chapter2/images/hyperopia.png>
Package pdftex.def Info: chapters/chapter2/images/hyperopia.png used on input l
ine 37.
(pdftex.def)             Requested size: 361.34999pt x 152.83195pt.


LaTeX Warning: `!h' float specifier changed to `!ht'.


Overfull \hbox (2.86075pt too wide) in paragraph at lines 45--45
[]\OT1/cmr/bx/n/17.28 Zernike Poly-no-mi-als and Higher Or-der Aber-ra-tions 
 []

[8 <./chapters/chapter2/images/myopia.png>]
<chapters/chapter2/images/Zernike_polynomials.png, id=42, 863.02425pt x 649.827
74pt>
File: chapters/chapter2/images/Zernike_polynomials.png Graphic file (type png)
 <use chapters/chapter2/images/Zernike_polynomials.png>
Package pdftex.def Info: chapters/chapter2/images/Zernike_polynomials.png used 
on input line 63.
(pdftex.def)             Requested size: 361.34999pt x 272.08296pt.
)
(chapters/chapter3/chapter3.tex [9 <./chapters/chapter2/images/hyperopia.png>]
[10 <./chapters/chapter2/images/Zernike_polynomials.png>]
Chapter 3.
<chapters/chapter3/images/light_field.png, id=53, 686.565pt x 260.77425pt>
File: chapters/chapter3/images/light_field.png Graphic file (type png)

<use chapters/chapter3/images/light_field.png>
Package pdftex.def Info: chapters/chapter3/images/light_field.png used on input
 line 10.
(pdftex.def)             Requested size: 361.34999pt x 137.24675pt.
 [11

 <./chapters/chapter3/images/light_field.png>]
<chapters/chapter3/images/pmask.png, id=57, 435.42674pt x 434.8245pt>
File: chapters/chapter3/images/pmask.png Graphic file (type png)

<use chapters/chapter3/images/pmask.png>
Package pdftex.def Info: chapters/chapter3/images/pmask.png used on input line 
25.
(pdftex.def)             Requested size: 252.94499pt x 252.59647pt.

<chapters/chapter3/images/pinhole_rays.png, id=58, 701.019pt x 525.162pt>
File: chapters/chapter3/images/pinhole_rays.png Graphic file (type png)

<use chapters/chapter3/images/pinhole_rays.png>
Package pdftex.def Info: chapters/chapter3/images/pinhole_rays.png used on inpu
t line 34.
(pdftex.def)             Requested size: 361.34999pt x 270.70586pt.
 [12 <./chapters/chapter3/images/pmask.png>]
<chapters/chapter3/images/lens_rays.png, id=63, 698.00775pt x 524.55975pt>
File: chapters/chapter3/images/lens_rays.png Graphic file (type png)

<use chapters/chapter3/images/lens_rays.png>
Package pdftex.def Info: chapters/chapter3/images/lens_rays.png used on input l
ine 48.
(pdftex.def)             Requested size: 361.34999pt x 271.556pt.
) (chapters/chapter4/chapter4.tex
[13 <./chapters/chapter3/images/pinhole_rays.png>] [14 <./chapters/chapter3/ima
ges/lens_rays.png>]
Chapter 4.
<chapters/chapter4/images/Prefilter.png, id=71, 900.966pt x 239.09325pt>
File: chapters/chapter4/images/Prefilter.png Graphic file (type png)

<use chapters/chapter4/images/Prefilter.png>
Package pdftex.def Info: chapters/chapter4/images/Prefilter.png used on input l
ine 16.
(pdftex.def)             Requested size: 361.34999pt x 95.89462pt.
LaTeX Font Info:    Try loading font information for OMS+cmr on input line 24.

("C:\Users\charl\AppData\Local\Programs\MiKTeX 2.9\tex\latex\base\omscmr.fd"
File: omscmr.fd 2014/09/29 v2.5h Standard LaTeX font definitions
)
LaTeX Font Info:    Font shape `OMS/cmr/m/n' in size <12> not available
(Font)              Font shape `OMS/cmsy/m/n' tried instead on input line 24.

[15

]
Underfull \hbox (badness 10000) in paragraph at lines 32--33

 []

[16 <./chapters/chapter4/images/Prefilter.png>]
Underfull \hbox (badness 10000) in paragraph at lines 60--62

 []

[17]
("C:\Users\charl\AppData\Local\Programs\MiKTeX 2.9\tex\latex\listings\lstlang1.
sty"
File: lstlang1.sty 2015/06/04 1.6 listings language file
)
("C:\Users\charl\AppData\Local\Programs\MiKTeX 2.9\tex\latex\listings\lstlang1.
sty"
File: lstlang1.sty 2015/06/04 1.6 listings language file
)
("C:\Users\charl\AppData\Local\Programs\MiKTeX 2.9\tex\latex\listings\lstmisc.s
ty"
File: lstmisc.sty 2015/06/04 1.6 (Carsten Heinz)
)
LaTeX Font Info:    Font shape `OT1/cmtt/bx/n' in size <10> not available
(Font)              Font shape `OT1/cmtt/m/n' tried instead on input line 82.
 [18] [19]) (chapters/chapter5/chapter5.tex [20]
Chapter 5.
<chapters/chapter5/images/Setup.png, id=97, 608.87476pt x 448.67625pt>
File: chapters/chapter5/images/Setup.png Graphic file (type png)

<use chapters/chapter5/images/Setup.png>
Package pdftex.def Info: chapters/chapter5/images/Setup.png used on input line 
9.
(pdftex.def)             Requested size: 361.34999pt x 266.28448pt.
 [21

]
<chapters/chapter5/images/Clean_Images/0084_820.png, id=101, 823.075pt x 823.07
5pt>
File: chapters/chapter5/images/Clean_Images/0084_820.png Graphic file (type png
)
 <use chapters/chapter5/images/Clean_Images/0084_820.png>
Package pdftex.def Info: chapters/chapter5/images/Clean_Images/0084_820.png use
d on input line 24.
(pdftex.def)             Requested size: 180.67499pt x 180.67516pt.

<chapters/chapter5/images/Clean_Images/Hello.png, id=102, 642.4pt x 642.4pt>
File: chapters/chapter5/images/Clean_Images/Hello.png Graphic file (type png)

<use chapters/chapter5/images/Clean_Images/Hello.png>
Package pdftex.def Info: chapters/chapter5/images/Clean_Images/Hello.png used o
n input line 25.
(pdftex.def)             Requested size: 180.67499pt x 180.67456pt.

<chapters/chapter5/images/Huang_OffAxis_380_250_Origin_Bunny.JPG, id=103, 370.2
633pt x 373.1541pt>
File: chapters/chapter5/images/Huang_OffAxis_380_250_Origin_Bunny.JPG Graphic f
ile (type jpg)

<use chapters/chapter5/images/Huang_OffAxis_380_250_Origin_Bunny.JPG>
Package pdftex.def Info: chapters/chapter5/images/Huang_OffAxis_380_250_Origin_
Bunny.JPG used on input line 35.
(pdftex.def)             Requested size: 137.31255pt x 138.3837pt.

<chapters/chapter5/images/Huang_prefiltered.PNG, id=104, 642.4pt x 642.4pt>
File: chapters/chapter5/images/Huang_prefiltered.PNG Graphic file (type png)

<use chapters/chapter5/images/Huang_prefiltered.PNG>
Package pdftex.def Info: chapters/chapter5/images/Huang_prefiltered.PNG used on
 input line 36.
(pdftex.def)             Requested size: 137.31255pt x 137.30952pt.

<chapters/chapter5/images/Huang_OffAxis_380_250_Pinhole_Bunny.JPG, id=105, 355.
8093pt x 382.7901pt>
File: chapters/chapter5/images/Huang_OffAxis_380_250_Pinhole_Bunny.JPG Graphic 
file (type jpg)

<use chapters/chapter5/images/Huang_OffAxis_380_250_Pinhole_Bunny.JPG>
Package pdftex.def Info: chapters/chapter5/images/Huang_OffAxis_380_250_Pinhole
_Bunny.JPG used on input line 37.
(pdftex.def)             Requested size: 137.31255pt x 147.72801pt.


LaTeX Warning: `!h' float specifier changed to `!ht'.


<chapters/chapter5/images/Shichao_Bunny_380_250_Origin.JPG, id=106, 375.0813pt 
x 375.0813pt>
File: chapters/chapter5/images/Shichao_Bunny_380_250_Origin.JPG Graphic file (t
ype jpg)
 <use chapters/chapter5/images/Shichao_Bunny_380_250_Origin.JPG>
Package pdftex.def Info: chapters/chapter5/images/Shichao_Bunny_380_250_Origin.
JPG used on input line 46.
(pdftex.def)             Requested size: 137.31255pt x 137.31274pt.

<chapters/chapter5/images/Shichao_Bunny_Prefiltered.png, id=107, 385.44pt x 385
.44pt>
File: chapters/chapter5/images/Shichao_Bunny_Prefiltered.png Graphic file (type
 png)
 <use chapters/chapter5/images/Shichao_Bunny_Prefiltered.png>
Package pdftex.def Info: chapters/chapter5/images/Shichao_Bunny_Prefiltered.png
 used on input line 47.
(pdftex.def)             Requested size: 137.31255pt x 137.31148pt.

<chapters/chapter5/images/Shichao_Bunny_380_250_Pinhole.JPG, id=108, 377.9721pt
 x 363.5181pt>
File: chapters/chapter5/images/Shichao_Bunny_380_250_Pinhole.JPG Graphic file (
type jpg)

<use chapters/chapter5/images/Shichao_Bunny_380_250_Pinhole.JPG>
Package pdftex.def Info: chapters/chapter5/images/Shichao_Bunny_380_250_Pinhole
.JPG used on input line 48.
(pdftex.def)             Requested size: 137.31255pt x 132.05898pt.


LaTeX Warning: `!h' float specifier changed to `!ht'.


<chapters/chapter5/images/Shichao_Words_380_250_Origin.JPG, id=109, 369.2997pt 
x 365.4453pt>
File: chapters/chapter5/images/Shichao_Words_380_250_Origin.JPG Graphic file (t
ype jpg)
 <use chapters/chapter5/images/Shichao_Words_380_250_Origin.JPG>
Package pdftex.def Info: chapters/chapter5/images/Shichao_Words_380_250_Origin.
JPG used on input line 57.
(pdftex.def)             Requested size: 137.31255pt x 135.8762pt.

<chapters/chapter5/images/Shichao_word_Prefiltered.png, id=110, 385.44pt x 385.
44pt>
File: chapters/chapter5/images/Shichao_word_Prefiltered.png Graphic file (type 
png)
 <use chapters/chapter5/images/Shichao_word_Prefiltered.png>
Package pdftex.def Info: chapters/chapter5/images/Shichao_word_Prefiltered.png 
used on input line 58.
(pdftex.def)             Requested size: 137.31255pt x 137.31148pt.

<chapters/chapter5/images/Shichao_Words_380_250_Pinhole.JPG, id=111, 356.2911pt
 x 352.4367pt>
File: chapters/chapter5/images/Shichao_Words_380_250_Pinhole.JPG Graphic file (
type jpg)

<use chapters/chapter5/images/Shichao_Words_380_250_Pinhole.JPG>
Package pdftex.def Info: chapters/chapter5/images/Shichao_Words_380_250_Pinhole
.JPG used on input line 59.
(pdftex.def)             Requested size: 137.31255pt x 135.82568pt.


LaTeX Warning: `!h' float specifier changed to `!ht'.

[22 <./chapters/chapter5/images/Setup.png> <./chapters/chapter5/images/Clean_Im
ages/0084_820.png (PNG copy)> <./chapters/chapter5/images/Clean_Images/Hello.pn
g (PNG copy)>] [23 <./chapters/chapter5/images/Huang_OffAxis_380_250_Origin_Bun
ny.JPG> <./chapters/chapter5/images/Huang_prefiltered.PNG (PNG copy)> <./chapte
rs/chapter5/images/Huang_OffAxis_380_250_Pinhole_Bunny.JPG> <./chapters/chapter
5/images/Shichao_Bunny_380_250_Origin.JPG> <./chapters/chapter5/images/Shichao_
Bunny_Prefiltered.png> <./chapters/chapter5/images/Shichao_Bunny_380_250_Pinhol
e.JPG> <./chapters/chapter5/images/Shichao_Words_380_250_Origin.JPG> <./chapter
s/chapter5/images/Shichao_word_Prefiltered.png> <./chapters/chapter5/images/Shi
chao_Words_380_250_Pinhole.JPG>]) (chapters/chapter6/chapter6.tex [24]
Chapter 6.

<chapters/chapter6/images/Ray_Simulation.png, id=124, 507.0945pt x 239.6955pt>
File: chapters/chapter6/images/Ray_Simulation.png Graphic file (type png)

<use chapters/chapter6/images/Ray_Simulation.png>
Package pdftex.def Info: chapters/chapter6/images/Ray_Simulation.png used on in
put line 9.
(pdftex.def)             Requested size: 361.34999pt x 170.81406pt.
 [25

 <./chapters/chapter6/images/Ray_Simulation.png>]) (chapters/chapter7/chapter7.
tex [26]
Chapter 7.

Underfull \hbox (badness 7221) in paragraph at lines 3--3
[][]\OT1/cmr/m/n/10 Link to iPhone pixel: https://www.androidheadlines.com/2013
/04/samsung-shows-off-the-new-
 []


<chapters/chapter7/images/No_Pixel_Arrangement.png, id=131, 995.51926pt x 396.8
8275pt>
File: chapters/chapter7/images/No_Pixel_Arrangement.png Graphic file (type png)

 <use chapters/chapter7/images/No_Pixel_Arrangement.png>
Package pdftex.def Info: chapters/chapter7/images/No_Pixel_Arrangement.png used
 on input line 13.
(pdftex.def)             Requested size: 433.62pt x 172.87273pt.

<chapters/chapter7/images/RGB_Bar.png, id=132, 995.51926pt x 396.2805pt>
File: chapters/chapter7/images/RGB_Bar.png Graphic file (type png)

<use chapters/chapter7/images/RGB_Bar.png>
Package pdftex.def Info: chapters/chapter7/images/RGB_Bar.png used on input lin
e 19.
(pdftex.def)             Requested size: 433.62pt x 172.6104pt.

<chapters/chapter7/images/iPhone.png, id=133, 995.51926pt x 398.08725pt>
File: chapters/chapter7/images/iPhone.png Graphic file (type png)

<use chapters/chapter7/images/iPhone.png>
Package pdftex.def Info: chapters/chapter7/images/iPhone.png used on input line
 25.
(pdftex.def)             Requested size: 433.62pt x 173.39737pt.

<chapters/chapter7/images/Samsung_Galaxy_S2.png, id=134, 996.1215pt x 396.2805p
t>
File: chapters/chapter7/images/Samsung_Galaxy_S2.png Graphic file (type png)
 <use chapters/chapter7/images/Samsung_Galaxy_S2.png>
Package pdftex.def Info: chapters/chapter7/images/Samsung_Galaxy_S2.png used on
 input line 31.
(pdftex.def)             Requested size: 433.62pt x 172.5076pt.

<chapters/chapter7/images/Samsung_Galaxy_S3.png, id=135, 996.1215pt x 395.67825
pt>
File: chapters/chapter7/images/Samsung_Galaxy_S3.png Graphic file (type png)
 <use chapters/chapter7/images/Samsung_Galaxy_S3.png>
Package pdftex.def Info: chapters/chapter7/images/Samsung_Galaxy_S3.png used on
 input line 37.
(pdftex.def)             Requested size: 433.62pt x 172.24544pt.

<chapters/chapter7/images/Samsung_Galaxy_S4.png, id=136, 995.51926pt x 396.2805
pt>
File: chapters/chapter7/images/Samsung_Galaxy_S4.png Graphic file (type png)
 <use chapters/chapter7/images/Samsung_Galaxy_S4.png>
Package pdftex.def Info: chapters/chapter7/images/Samsung_Galaxy_S4.png used on
 input line 43.
(pdftex.def)             Requested size: 433.62pt x 172.6104pt.
 [27

] [28 <./chapters/chapter7/images/No_Pixel_Arrangement.png> <./chapters/chapter
7/images/RGB_Bar.png> <./chapters/chapter7/images/iPhone.png>] [29 <./chapters/
chapter7/images/Samsung_Galaxy_S2.png> <./chapters/chapter7/images/Samsung_Gala
xy_S3.png> <./chapters/chapter7/images/Samsung_Galaxy_S4.png>]) (chapters/chapt
er8/chapter8.tex
[30]
Chapter 8.

<chapters/chapter8/images/Rectangular_Aperture.png, id=156, 781.7205pt x 418.56
375pt>
File: chapters/chapter8/images/Rectangular_Aperture.png Graphic file (type png)

 <use chapters/chapter8/images/Rectangular_Aperture.png>
Package pdftex.def Info: chapters/chapter8/images/Rectangular_Aperture.png used
 on input line 20.
(pdftex.def)             Requested size: 289.07999pt x 154.7895pt.
 [31

]
Underfull \hbox (badness 10000) in paragraph at lines 26--28

 []


Underfull \hbox (badness 10000) in paragraph at lines 28--30

 []


Underfull \hbox (badness 10000) in paragraph at lines 30--32

 []


<chapters/chapter8/images/Lens_Diffraction.png, id=160, 611.28375pt x 396.88275
pt>
File: chapters/chapter8/images/Lens_Diffraction.png Graphic file (type png)
 <use chapters/chapter8/images/Lens_Diffraction.png>
Package pdftex.def Info: chapters/chapter8/images/Lens_Diffraction.png used on 
input line 43.
(pdftex.def)             Requested size: 289.07999pt x 187.68553pt.
 [32 <./chapters/chapter8/images/Rectangular_Aperture.png>] [33 <./chapters/cha
pter8/images/Lens_Diffraction.png>]
<chapters/chapter8/images/Diffract_Simulation.png, id=169, 611.886pt x 261.1356
pt>
File: chapters/chapter8/images/Diffract_Simulation.png Graphic file (type png)
 <use chapters/chapter8/images/Diffract_Simulation.png>
Package pdftex.def Info: chapters/chapter8/images/Diffract_Simulation.png used 
on input line 79.
(pdftex.def)             Requested size: 289.07999pt x 123.37128pt.
 [34 <./chapters/chapter8/images/Diffract_Simulation.png>] [35]
<chapters/chapter8/images/hp_lp_contrast_loss.png, id=177, 900.36375pt x 433.01
775pt>
File: chapters/chapter8/images/hp_lp_contrast_loss.png Graphic file (type png)
 <use chapters/chapter8/images/hp_lp_contrast_loss.png>
Package pdftex.def Info: chapters/chapter8/images/hp_lp_contrast_loss.png used 
on input line 136.
(pdftex.def)             Requested size: 252.94499pt x 121.64719pt.

<chapters/chapter8/images/Contrast_Loss.png, id=178, 786.5385pt x 458.31226pt>
File: chapters/chapter8/images/Contrast_Loss.png Graphic file (type png)

<use chapters/chapter8/images/Contrast_Loss.png>
Package pdftex.def Info: chapters/chapter8/images/Contrast_Loss.png used on inp
ut line 153.
(pdftex.def)             Requested size: 505.89pt x 294.78043pt.

Overfull \hbox (36.13498pt too wide) in paragraph at lines 153--154
 [][] 
 []

[36 <./chapters/chapter8/images/hp_lp_contrast_loss.png>]
<chapters/chapter8/images/RMSE.png, id=183, 809.424pt x 453.49425pt>
File: chapters/chapter8/images/RMSE.png Graphic file (type png)

<use chapters/chapter8/images/RMSE.png>
Package pdftex.def Info: chapters/chapter8/images/RMSE.png used on input line 1
62.
(pdftex.def)             Requested size: 505.89pt x 283.4332pt.

Overfull \hbox (36.13498pt too wide) in paragraph at lines 162--163
 [][] 
 []


<chapters/chapter8/images/simulationResult_25.png, id=184, 385.44pt x 385.44pt>
File: chapters/chapter8/images/simulationResult_25.png Graphic file (type png)
<use chapters/chapter8/images/simulationResult_25.png>
Package pdftex.def Info: chapters/chapter8/images/simulationResult_25.png used 
on input line 171.
(pdftex.def)             Requested size: 144.54pt x 144.53964pt.


LaTeX Warning: `!h' float specifier changed to `!ht'.

[37 <./chapters/chapter8/images/Contrast_Loss.png>]
<chapters/chapter8/images/Comparison.png, id=189, 1100.31075pt x 360.74776pt>
File: chapters/chapter8/images/Comparison.png Graphic file (type png)

<use chapters/chapter8/images/Comparison.png>
Package pdftex.def Info: chapters/chapter8/images/Comparison.png used on input 
line 181.
(pdftex.def)             Requested size: 433.62pt x 142.16628pt.


LaTeX Warning: `!h' float specifier changed to `!ht'.


<chapters/chapter8/images/comparison_zoom.png, id=190, 809.424pt x 234.27525pt>
File: chapters/chapter8/images/comparison_zoom.png Graphic file (type png)
<use chapters/chapter8/images/comparison_zoom.png>
Package pdftex.def Info: chapters/chapter8/images/comparison_zoom.png used on i
nput line 189.
(pdftex.def)             Requested size: 433.62pt x 125.50581pt.


LaTeX Warning: `!h' float specifier changed to `!ht'.

[38 <./chapters/chapter8/images/RMSE.png> <./chapters/chapter8/images/simulatio
nResult_25.png>]) [39 <./chapters/chapter8/images/Comparison.png> <./chapters/c
hapter8/images/comparison_zoom.png>] (chapters/chapter9/chapter9.tex [40]
Chapter 9.
[41

]
<chapters/chapter9/images/reference_image/origin.png, id=205, 823.075pt x 823.0
75pt>
File: chapters/chapter9/images/reference_image/origin.png Graphic file (type pn
g)
 <use chapters/chapter9/images/reference_image/origin.png>
Package pdftex.def Info: chapters/chapter9/images/reference_image/origin.png us
ed on input line 32.
(pdftex.def)             Requested size: 180.67499pt x 180.67516pt.

<chapters/chapter9/images/reference_image/origin_blur_image.png, id=206, 385.44
pt x 385.44pt>
File: chapters/chapter9/images/reference_image/origin_blur_image.png Graphic fi
le (type png)

<use chapters/chapter9/images/reference_image/origin_blur_image.png>
Package pdftex.def Info: chapters/chapter9/images/reference_image/origin_blur_i
mage.png used on input line 33.
(pdftex.def)             Requested size: 180.67499pt x 180.67455pt.


LaTeX Warning: No positions in optional float specifier.
               Default added (so using `tbp') on input line 39.


<chapters/chapter9/images/simulation/Huang_1angle_prefilter.png, id=207, 385.44
pt x 385.44pt>
File: chapters/chapter9/images/simulation/Huang_1angle_prefilter.png Graphic fi
le (type png)

<use chapters/chapter9/images/simulation/Huang_1angle_prefilter.png>
Package pdftex.def Info: chapters/chapter9/images/simulation/Huang_1angle_prefi
lter.png used on input line 44.
(pdftex.def)             Requested size: 113.81102pt x 113.80968pt.

<chapters/chapter9/images/simulation/Huang_1angle_pinhole_simulation.png, id=20
8, 385.44pt x 385.44pt>
File: chapters/chapter9/images/simulation/Huang_1angle_pinhole_simulation.png G
raphic file (type png)

<use chapters/chapter9/images/simulation/Huang_1angle_pinhole_simulation.png>
Package pdftex.def Info: chapters/chapter9/images/simulation/Huang_1angle_pinho
le_simulation.png used on input line 45.
(pdftex.def)             Requested size: 113.81102pt x 113.80968pt.

<chapters/chapter9/images/simulation/Huang_1angle_lens_simulation.png, id=209, 
385.44pt x 385.44pt>
File: chapters/chapter9/images/simulation/Huang_1angle_lens_simulation.png Grap
hic file (type png)

<use chapters/chapter9/images/simulation/Huang_1angle_lens_simulation.png>
Package pdftex.def Info: chapters/chapter9/images/simulation/Huang_1angle_lens_
simulation.png used on input line 46.
(pdftex.def)             Requested size: 113.81102pt x 113.80968pt.

<chapters/chapter9/images/simulation/Huang_allangle_prefilter.png, id=210, 385.
44pt x 385.44pt>
File: chapters/chapter9/images/simulation/Huang_allangle_prefilter.png Graphic 
file (type png)

<use chapters/chapter9/images/simulation/Huang_allangle_prefilter.png>
Package pdftex.def Info: chapters/chapter9/images/simulation/Huang_allangle_pre
filter.png used on input line 47.
(pdftex.def)             Requested size: 113.81102pt x 113.80968pt.

<chapters/chapter9/images/simulation/Huang_allangle_pinhole_simulation.png, id=
211, 385.44pt x 385.44pt>
File: chapters/chapter9/images/simulation/Huang_allangle_pinhole_simulation.png
 Graphic file (type png)

<use chapters/chapter9/images/simulation/Huang_allangle_pinhole_simulation.png>
Package pdftex.def Info: chapters/chapter9/images/simulation/Huang_allangle_pin
hole_simulation.png used on input line 48.
(pdftex.def)             Requested size: 113.81102pt x 113.80968pt.

<chapters/chapter9/images/simulation/Huang_allangle_lens_simulation.png, id=212
, 385.44pt x 385.44pt>
File: chapters/chapter9/images/simulation/Huang_allangle_lens_simulation.png Gr
aphic file (type png)

<use chapters/chapter9/images/simulation/Huang_allangle_lens_simulation.png>
Package pdftex.def Info: chapters/chapter9/images/simulation/Huang_allangle_len
s_simulation.png used on input line 49.
(pdftex.def)             Requested size: 113.81102pt x 113.80968pt.

<chapters/chapter9/images/simulation/5x5_prefilter.png, id=213, 385.44pt x 385.
44pt>
File: chapters/chapter9/images/simulation/5x5_prefilter.png Graphic file (type 
png)
 <use chapters/chapter9/images/simulation/5x5_prefilter.png>
Package pdftex.def Info: chapters/chapter9/images/simulation/5x5_prefilter.png 
used on input line 50.
(pdftex.def)             Requested size: 113.81102pt x 113.80968pt.

<chapters/chapter9/images/simulation/5x5_pinhole_simulation.png, id=214, 385.44
pt x 385.44pt>
File: chapters/chapter9/images/simulation/5x5_pinhole_simulation.png Graphic fi
le (type png)

<use chapters/chapter9/images/simulation/5x5_pinhole_simulation.png>
Package pdftex.def Info: chapters/chapter9/images/simulation/5x5_pinhole_simula
tion.png used on input line 51.
(pdftex.def)             Requested size: 113.81102pt x 113.80968pt.

<chapters/chapter9/images/simulation/5x5_lens_simulation.png, id=215, 385.44pt 
x 385.44pt>
File: chapters/chapter9/images/simulation/5x5_lens_simulation.png Graphic file 
(type png)
 <use chapters/chapter9/images/simulation/5x5_lens_simulation.png>
Package pdftex.def Info: chapters/chapter9/images/simulation/5x5_lens_simulatio
n.png used on input line 52.
(pdftex.def)             Requested size: 113.81102pt x 113.80968pt.

<chapters/chapter9/images/simulation/3x3_prefilter.png, id=216, 385.44pt x 385.
44pt>
File: chapters/chapter9/images/simulation/3x3_prefilter.png Graphic file (type 
png)
 <use chapters/chapter9/images/simulation/3x3_prefilter.png>
Package pdftex.def Info: chapters/chapter9/images/simulation/3x3_prefilter.png 
used on input line 53.
(pdftex.def)             Requested size: 113.81102pt x 113.80968pt.

<chapters/chapter9/images/simulation/3x3_pinhole_simulation.png, id=217, 385.44
pt x 385.44pt>
File: chapters/chapter9/images/simulation/3x3_pinhole_simulation.png Graphic fi
le (type png)

<use chapters/chapter9/images/simulation/3x3_pinhole_simulation.png>
Package pdftex.def Info: chapters/chapter9/images/simulation/3x3_pinhole_simula
tion.png used on input line 54.
(pdftex.def)             Requested size: 113.81102pt x 113.80968pt.

<chapters/chapter9/images/simulation/3x3_lens_simulation.png, id=218, 385.44pt 
x 385.44pt>
File: chapters/chapter9/images/simulation/3x3_lens_simulation.png Graphic file 
(type png)
 <use chapters/chapter9/images/simulation/3x3_lens_simulation.png>
Package pdftex.def Info: chapters/chapter9/images/simulation/3x3_lens_simulatio
n.png used on input line 55.
(pdftex.def)             Requested size: 113.81102pt x 113.80968pt.

Overfull \hbox (35.48903pt too wide) in paragraph at lines 42--57
 [][] 
 []


LaTeX Warning: No positions in optional float specifier.
               Default added (so using `tbp') on input line 59.


<chapters/chapter9/images/simulation_backward/pinhole/prefilterResult_5x5_pinho
le_depth9.png, id=219, 481.8pt x 481.8pt>
File: chapters/chapter9/images/simulation_backward/pinhole/prefilterResult_5x5_
pinhole_depth9.png Graphic file (type png)

<use chapters/chapter9/images/simulation_backward/pinhole/prefilterResult_5x5_p
inhole_depth9.png>
Package pdftex.def Info: chapters/chapter9/images/simulation_backward/pinhole/p
refilterResult_5x5_pinhole_depth9.png used on input line 64.
(pdftex.def)             Requested size: 113.81102pt x 113.81114pt.

<chapters/chapter9/images/simulation_backward/pinhole/simulationResult_5x5_pinh
ole_depth9.png, id=220, 481.8pt x 481.8pt>
File: chapters/chapter9/images/simulation_backward/pinhole/simulationResult_5x5
_pinhole_depth9.png Graphic file (type png)

<use chapters/chapter9/images/simulation_backward/pinhole/simulationResult_5x5_
pinhole_depth9.png>
Package pdftex.def Info: chapters/chapter9/images/simulation_backward/pinhole/s
imulationResult_5x5_pinhole_depth9.png used on input line 65.
(pdftex.def)             Requested size: 113.81102pt x 113.81114pt.

<chapters/chapter9/images/simulation_backward/lens/prefilterResult_5x5_lens_dep
th6.png, id=221, 385.44pt x 385.44pt>
File: chapters/chapter9/images/simulation_backward/lens/prefilterResult_5x5_len
s_depth6.png Graphic file (type png)

<use chapters/chapter9/images/simulation_backward/lens/prefilterResult_5x5_lens
_depth6.png>
Package pdftex.def Info: chapters/chapter9/images/simulation_backward/lens/pref
ilterResult_5x5_lens_depth6.png used on input line 66.
(pdftex.def)             Requested size: 113.81102pt x 113.80968pt.

<chapters/chapter9/images/simulation_backward/lens/simulationResult_5x5_lens_de
pth6.png, id=222, 385.44pt x 385.44pt>
File: chapters/chapter9/images/simulation_backward/lens/simulationResult_5x5_le
ns_depth6.png Graphic file (type png)

<use chapters/chapter9/images/simulation_backward/lens/simulationResult_5x5_len
s_depth6.png>
Package pdftex.def Info: chapters/chapter9/images/simulation_backward/lens/simu
lationResult_5x5_lens_depth6.png used on input line 67.
(pdftex.def)             Requested size: 113.81102pt x 113.80968pt.

<chapters/chapter9/images/simulation_backward/pinhole/prefilterResult_3x3_pinho
le_depth9.png, id=223, 481.8pt x 481.8pt>
File: chapters/chapter9/images/simulation_backward/pinhole/prefilterResult_3x3_
pinhole_depth9.png Graphic file (type png)

<use chapters/chapter9/images/simulation_backward/pinhole/prefilterResult_3x3_p
inhole_depth9.png>
Package pdftex.def Info: chapters/chapter9/images/simulation_backward/pinhole/p
refilterResult_3x3_pinhole_depth9.png used on input line 68.
(pdftex.def)             Requested size: 113.81102pt x 113.81114pt.

<chapters/chapter9/images/simulation_backward/pinhole/simulationResult_3x3_pinh
ole_depth9.png, id=224, 481.8pt x 481.8pt>
File: chapters/chapter9/images/simulation_backward/pinhole/simulationResult_3x3
_pinhole_depth9.png Graphic file (type png)

<use chapters/chapter9/images/simulation_backward/pinhole/simulationResult_3x3_
pinhole_depth9.png>
Package pdftex.def Info: chapters/chapter9/images/simulation_backward/pinhole/s
imulationResult_3x3_pinhole_depth9.png used on input line 69.
(pdftex.def)             Requested size: 113.81102pt x 113.81114pt.

<chapters/chapter9/images/simulation_backward/lens/prefilterResult_3x3_lens_dep
th6.png, id=225, 385.44pt x 385.44pt>
File: chapters/chapter9/images/simulation_backward/lens/prefilterResult_3x3_len
s_depth6.png Graphic file (type png)

<use chapters/chapter9/images/simulation_backward/lens/prefilterResult_3x3_lens
_depth6.png>
Package pdftex.def Info: chapters/chapter9/images/simulation_backward/lens/pref
ilterResult_3x3_lens_depth6.png used on input line 70.
(pdftex.def)             Requested size: 113.81102pt x 113.80968pt.

<chapters/chapter9/images/simulation_backward/lens/simulationResult_3x3_lens_de
pth6.png, id=226, 481.8pt x 481.8pt>
File: chapters/chapter9/images/simulation_backward/lens/simulationResult_3x3_le
ns_depth6.png Graphic file (type png)

<use chapters/chapter9/images/simulation_backward/lens/simulationResult_3x3_len
s_depth6.png>
Package pdftex.def Info: chapters/chapter9/images/simulation_backward/lens/simu
lationResult_3x3_lens_depth6.png used on input line 71.
(pdftex.def)             Requested size: 113.81102pt x 113.81114pt.


LaTeX Warning: No positions in optional float specifier.
               Default added (so using `tbp') on input line 75.


LaTeX Warning: No positions in optional float specifier.
               Default added (so using `tbp') on input line 89.


LaTeX Warning: No positions in optional float specifier.
               Default added (so using `tbp') on input line 103.

[42 <./chapters/chapter9/images/reference_image/origin.png (PNG copy)> <./chapt
ers/chapter9/images/reference_image/origin_blur_image.png>] [43 <./chapters/cha
pter9/images/simulation/Huang_1angle_prefilter.png> <./chapters/chapter9/images
/simulation/Huang_1angle_pinhole_simulation.png> <./chapters/chapter9/images/si
mulation/Huang_1angle_lens_simulation.png> <./chapters/chapter9/images/simulati
on/Huang_allangle_prefilter.png> <./chapters/chapter9/images/simulation/Huang_a
llangle_pinhole_simulation.png> <./chapters/chapter9/images/simulation/Huang_al
langle_lens_simulation.png> <./chapters/chapter9/images/simulation/5x5_prefilte
r.png> <./chapters/chapter9/images/simulation/5x5_pinhole_simulation.png> <./ch
apters/chapter9/images/simulation/5x5_lens_simulation.png> <./chapters/chapter9
/images/simulation/3x3_prefilter.png> <./chapters/chapter9/images/simulation/3x
3_pinhole_simulation.png> <./chapters/chapter9/images/simulation/3x3_lens_simul
ation.png>] [44 <./chapters/chapter9/images/simulation_backward/pinhole/prefilt
erResult_5x5_pinhole_depth9.png> <./chapters/chapter9/images/simulation_backwar
d/pinhole/simulationResult_5x5_pinhole_depth9.png> <./chapters/chapter9/images/
simulation_backward/lens/prefilterResult_5x5_lens_depth6.png> <./chapters/chapt
er9/images/simulation_backward/lens/simulationResult_5x5_lens_depth6.png> <./ch
apters/chapter9/images/simulation_backward/pinhole/prefilterResult_3x3_pinhole_
depth9.png> <./chapters/chapter9/images/simulation_backward/pinhole/simulationR
esult_3x3_pinhole_depth9.png> <./chapters/chapter9/images/simulation_backward/l
ens/prefilterResult_3x3_lens_depth6.png> <./chapters/chapter9/images/simulation
_backward/lens/simulationResult_3x3_lens_depth6.png>] [45])
(chapters/chapter10/chapter10.tex [46]
Chapter 10.
) [47

]
Overfull \hbox (58.64711pt too wide) in paragraph at lines 49--49
\OT1/cmr/m/n/12 33.4 (2014), pp. 1{12. \OT1/cmr/m/sc/12 url\OT1/cmr/m/n/12 : $\
OT1/cmtt/m/n/12 http : / / web . media . mit . edu / []gordonw / VisionCorrecti
ngDisplay/$\OT1/cmr/m/n/12 . 
 []

[48

]
Overfull \hbox (20.15068pt too wide) in paragraph at lines 49--49
\OT1/cmr/m/sc/12 url\OT1/cmr/m/n/12 : $\OT1/cmtt/m/n/12 https : / / www . mathw
orks . com / matlabcentral / fileexchange / 47029 -[] fraunhofer -[]$
 []

[49] (Thesis.aux)

LaTeX Warning: There were multiply-defined labels.

Package logreq Info: Writing requests to 'Thesis.run.xml'.
\openout1 = `Thesis.run.xml'.

 ) 
Here is how much of TeX's memory you used:
 12121 strings out of 493634
 210123 string characters out of 3135238
 473586 words of memory out of 3000000
 15250 multiletter control sequences out of 15000+200000
 12540 words of font info for 46 fonts, out of 3000000 for 9000
 1025 hyphenation exceptions out of 8191
 45i,13n,58p,1578b,1650s stack positions out of 5000i,500n,10000p,200000b,50000s
<C:/Users/charl/AppData/Local/Programs/MiKTeX 2.9/fonts/type1/public/amsfonts
/cm/cmbx12.pfb><C:/Users/charl/AppData/Local/Programs/MiKTeX 2.9/fonts/type1/pu
blic/amsfonts/cm/cmcsc10.pfb><C:/Users/charl/AppData/Local/Programs/MiKTeX 2.9/
fonts/type1/public/amsfonts/cm/cmex10.pfb><C:/Users/charl/AppData/Local/Program
s/MiKTeX 2.9/fonts/type1/public/amsfonts/cm/cmitt10.pfb><C:/Users/charl/AppData
/Local/Programs/MiKTeX 2.9/fonts/type1/public/amsfonts/cm/cmmi12.pfb><C:/Users/
charl/AppData/Local/Programs/MiKTeX 2.9/fonts/type1/public/amsfonts/cm/cmmi8.pf
b><C:/Users/charl/AppData/Local/Programs/MiKTeX 2.9/fonts/type1/public/amsfonts
/cm/cmr10.pfb><C:/Users/charl/AppData/Local/Programs/MiKTeX 2.9/fonts/type1/pub
lic/amsfonts/cm/cmr12.pfb><C:/Users/charl/AppData/Local/Programs/MiKTeX 2.9/fon
ts/type1/public/amsfonts/cm/cmr17.pfb><C:/Users/charl/AppData/Local/Programs/Mi
KTeX 2.9/fonts/type1/public/amsfonts/cm/cmr6.pfb><C:/Users/charl/AppData/Local/
Programs/MiKTeX 2.9/fonts/type1/public/amsfonts/cm/cmr7.pfb><C:/Users/charl/App
Data/Local/Programs/MiKTeX 2.9/fonts/type1/public/amsfonts/cm/cmr8.pfb><C:/User
s/charl/AppData/Local/Programs/MiKTeX 2.9/fonts/type1/public/amsfonts/cm/cmsy10
.pfb><C:/Users/charl/AppData/Local/Programs/MiKTeX 2.9/fonts/type1/public/amsfo
nts/cm/cmsy8.pfb><C:/Users/charl/AppData/Local/Programs/MiKTeX 2.9/fonts/type1/
public/amsfonts/cm/cmti12.pfb><C:/Users/charl/AppData/Local/Programs/MiKTeX 2.9
/fonts/type1/public/amsfonts/cm/cmtt10.pfb><C:/Users/charl/AppData/Local/Progra
ms/MiKTeX 2.9/fonts/type1/public/amsfonts/cm/cmtt12.pfb>
Output written on Thesis.pdf (50 pages, 40321991 bytes).
PDF statistics:
 331 PDF objects out of 1000 (max. 8388607)
 0 named destinations out of 1000 (max. 500000)
 301 words of extra memory for PDF output out of 10000 (max. 10000000)

